<?xml version="1.0" encoding="UTF-8"?>
<coverage generated="1773563270609" clover="3.2.0">
  <project timestamp="1773563270610" name="All files">
    <metrics statements="1596" coveredstatements="1573" conditionals="1052" coveredconditionals="949" methods="462" coveredmethods="443" elements="3110" coveredelements="2965" complexity="0" loc="1596" ncloc="1596" packages="17" files="52" classes="52"/>
    <package name="src">
      <metrics statements="13" coveredstatements="13" conditionals="8" coveredconditionals="8" methods="3" coveredmethods="3"/>
      <file name="App.tsx" path="/workspaces/GeekVault/src/web/src/App.tsx">
        <metrics statements="13" coveredstatements="13" conditionals="8" coveredconditionals="8" methods="3" coveredmethods="3"/>
        <line num="16" count="5" type="stmt"/>
        <line num="18" count="5" type="cond" truecount="2" falsecount="0"/>
        <line num="19" count="1" type="stmt"/>
        <line num="26" count="4" type="cond" truecount="2" falsecount="0"/>
        <line num="27" count="1" type="stmt"/>
        <line num="30" count="3" type="stmt"/>
        <line num="34" count="5" type="stmt"/>
        <line num="36" count="5" type="cond" truecount="2" falsecount="0"/>
        <line num="37" count="1" type="stmt"/>
        <line num="44" count="4" type="cond" truecount="2" falsecount="0"/>
        <line num="45" count="1" type="stmt"/>
        <line num="48" count="3" type="stmt"/>
        <line num="52" count="8" type="stmt"/>
      </file>
    </package>
    <package name="src.components">
      <metrics statements="65" coveredstatements="64" conditionals="29" coveredconditionals="28" methods="21" coveredmethods="20"/>
      <file name="auth-provider.tsx" path="/workspaces/GeekVault/src/web/src/components/auth-provider.tsx">
        <metrics statements="46" coveredstatements="46" conditionals="19" coveredconditionals="19" methods="15" coveredmethods="14"/>
        <line num="18" count="1" type="stmt"/>
        <line num="20" count="1" type="stmt"/>
        <line num="23" count="32" type="stmt"/>
        <line num="24" count="32" type="stmt"/>
        <line num="25" count="32" type="stmt"/>
        <line num="27" count="32" type="stmt"/>
        <line num="28" count="3" type="stmt"/>
        <line num="29" count="3" type="stmt"/>
        <line num="30" count="3" type="stmt"/>
        <line num="33" count="32" type="stmt"/>
        <line num="34" count="16" type="cond" truecount="2" falsecount="0"/>
        <line num="35" count="10" type="stmt"/>
        <line num="36" count="10" type="stmt"/>
        <line num="39" count="6" type="stmt"/>
        <line num="43" count="6" type="cond" truecount="2" falsecount="0"/>
        <line num="44" count="5" type="stmt"/>
        <line num="47" count="5" type="cond" truecount="2" falsecount="0"/>
        <line num="50" count="1" type="stmt"/>
        <line num="53" count="6" type="stmt"/>
        <line num="57" count="32" type="stmt"/>
        <line num="58" count="3" type="stmt"/>
        <line num="64" count="3" type="cond" truecount="2" falsecount="0"/>
        <line num="65" count="2" type="stmt"/>
        <line num="66" count="2" type="cond" truecount="2" falsecount="0"/>
        <line num="69" count="1" type="stmt"/>
        <line num="70" count="1" type="stmt"/>
        <line num="71" count="1" type="stmt"/>
        <line num="72" count="1" type="stmt"/>
        <line num="75" count="32" type="stmt"/>
        <line num="76" count="3" type="stmt"/>
        <line num="82" count="3" type="cond" truecount="2" falsecount="0"/>
        <line num="83" count="2" type="stmt"/>
        <line num="84" count="2" type="cond" truecount="3" falsecount="0"/>
        <line num="87" count="1" type="stmt"/>
        <line num="88" count="1" type="stmt"/>
        <line num="89" count="1" type="stmt"/>
        <line num="90" count="1" type="stmt"/>
        <line num="93" count="32" type="stmt"/>
        <line num="94" count="2" type="cond" truecount="2" falsecount="0"/>
        <line num="95" count="1" type="stmt"/>
        <line num="100" count="2" type="stmt"/>
        <line num="103" count="32" type="stmt"/>
        <line num="111" count="32" type="stmt"/>
        <line num="112" count="32" type="cond" truecount="2" falsecount="0"/>
        <line num="113" count="2" type="stmt"/>
        <line num="115" count="29" type="stmt"/>
      </file>
      <file name="theme-provider.tsx" path="/workspaces/GeekVault/src/web/src/components/theme-provider.tsx">
        <metrics statements="19" coveredstatements="18" conditionals="10" coveredconditionals="9" methods="6" coveredmethods="6"/>
        <line num="16" count="1" type="stmt"/>
        <line num="18" count="1" type="stmt"/>
        <line num="26" count="14" type="stmt"/>
        <line num="27" count="10" type="cond" truecount="2" falsecount="0"/>
        <line num="30" count="14" type="stmt"/>
        <line num="31" count="14" type="stmt"/>
        <line num="32" count="14" type="stmt"/>
        <line num="34" count="14" type="cond" truecount="2" falsecount="0"/>
        <line num="35" count="4" type="cond" truecount="2" falsecount="0"/>
        <line num="39" count="4" type="stmt"/>
        <line num="41" count="10" type="stmt"/>
        <line num="45" count="14" type="stmt"/>
        <line num="48" count="4" type="stmt"/>
        <line num="49" count="4" type="stmt"/>
        <line num="53" count="14" type="stmt"/>
        <line num="61" count="14" type="stmt"/>
        <line num="62" count="14" type="cond" truecount="1" falsecount="1"/>
        <line num="63" count="0" type="stmt"/>
        <line num="64" count="14" type="stmt"/>
      </file>
    </package>
    <package name="src.components.ds">
      <metrics statements="150" coveredstatements="149" conditionals="66" coveredconditionals="64" methods="51" coveredmethods="50"/>
      <file name="animated-number.tsx" path="/workspaces/GeekVault/src/web/src/components/ds/animated-number.tsx">
        <metrics statements="7" coveredstatements="7" conditionals="2" coveredconditionals="2" methods="4" coveredmethods="4"/>
        <line num="22" count="6" type="cond" truecount="1" falsecount="0"/>
        <line num="25" count="4" type="stmt"/>
        <line num="32" count="8" type="stmt"/>
        <line num="34" count="4" type="stmt"/>
        <line num="35" count="4" type="stmt"/>
        <line num="43" count="4" type="stmt"/>
        <line num="46" count="9" type="stmt"/>
      </file>
      <file name="badge.tsx" path="/workspaces/GeekVault/src/web/src/components/ds/badge.tsx">
        <metrics statements="4" coveredstatements="4" conditionals="0" coveredconditionals="0" methods="1" coveredmethods="1"/>
        <line num="5" count="9" type="stmt"/>
        <line num="34" count="9" type="stmt"/>
        <line num="36" count="1516" type="stmt"/>
        <line num="45" count="9" type="stmt"/>
      </file>
      <file name="card.tsx" path="/workspaces/GeekVault/src/web/src/components/ds/card.tsx">
        <metrics statements="19" coveredstatements="19" conditionals="0" coveredconditionals="0" methods="6" coveredmethods="6"/>
        <line num="5" count="9" type="stmt"/>
        <line num="25" count="9" type="stmt"/>
        <line num="27" count="2384" type="stmt"/>
        <line num="36" count="9" type="stmt"/>
        <line num="38" count="9" type="stmt"/>
        <line num="42" count="196" type="stmt"/>
        <line num="48" count="9" type="stmt"/>
        <line num="50" count="9" type="stmt"/>
        <line num="54" count="172" type="stmt"/>
        <line num="60" count="9" type="stmt"/>
        <line num="62" count="9" type="stmt"/>
        <line num="66" count="1" type="stmt"/>
        <line num="72" count="9" type="stmt"/>
        <line num="74" count="9" type="stmt"/>
        <line num="78" count="1990" type="stmt"/>
        <line num="80" count="9" type="stmt"/>
        <line num="82" count="9" type="stmt"/>
        <line num="86" count="150" type="stmt"/>
        <line num="92" count="9" type="stmt"/>
      </file>
      <file name="data-table.tsx" path="/workspaces/GeekVault/src/web/src/components/ds/data-table.tsx">
        <metrics statements="25" coveredstatements="25" conditionals="33" coveredconditionals="32" methods="11" coveredmethods="11"/>
        <line num="29" count="330" type="cond" truecount="2" falsecount="0"/>
        <line num="30" count="196" type="stmt"/>
        <line num="32" count="134" type="stmt"/>
        <line num="50" count="18" type="stmt"/>
        <line num="51" count="3" type="cond" truecount="4" falsecount="0"/>
        <line num="54" count="3" type="cond" truecount="1" falsecount="1"/>
        <line num="55" count="2" type="cond" truecount="4" falsecount="0"/>
        <line num="56" count="3" type="stmt"/>
        <line num="59" count="18" type="stmt"/>
        <line num="60" count="62" type="cond" truecount="2" falsecount="0"/>
        <line num="63" count="62" type="cond" truecount="2" falsecount="0"/>
        <line num="64" count="3" type="cond" truecount="2" falsecount="0"/>
        <line num="70" count="6" type="stmt"/>
        <line num="73" count="18" type="cond" truecount="5" falsecount="0"/>
        <line num="74" count="1" type="stmt"/>
        <line num="81" count="17" type="stmt"/>
        <line num="87" count="62" type="stmt"/>
        <line num="94" count="3" type="stmt"/>
        <line num="105" count="3" type="stmt"/>
        <line num="107" count="6" type="stmt"/>
        <line num="114" count="67" type="stmt"/>
        <line num="120" count="1" type="stmt"/>
        <line num="123" count="330" type="stmt"/>
        <line num="124" count="330" type="stmt"/>
        <line num="138" count="9" type="stmt"/>
      </file>
      <file name="dropdown-menu.tsx" path="/workspaces/GeekVault/src/web/src/components/ds/dropdown-menu.tsx">
        <metrics statements="4" coveredstatements="4" conditionals="0" coveredconditionals="0" methods="0" coveredmethods="0"/>
        <line num="5" count="9" type="stmt"/>
        <line num="6" count="9" type="stmt"/>
        <line num="7" count="9" type="stmt"/>
        <line num="8" count="9" type="stmt"/>
      </file>
      <file name="empty-state.tsx" path="/workspaces/GeekVault/src/web/src/components/ds/empty-state.tsx">
        <metrics statements="3" coveredstatements="3" conditionals="7" coveredconditionals="7" methods="1" coveredmethods="1"/>
        <line num="12" count="9" type="stmt"/>
        <line num="14" count="42" type="stmt"/>
        <line num="49" count="9" type="stmt"/>
      </file>
      <file name="motion.tsx" path="/workspaces/GeekVault/src/web/src/components/ds/motion.tsx">
        <metrics statements="16" coveredstatements="16" conditionals="1" coveredconditionals="1" methods="4" coveredmethods="4"/>
        <line num="11" count="9" type="stmt"/>
        <line num="24" count="9" type="stmt"/>
        <line num="30" count="9" type="stmt"/>
        <line num="32" count="3" type="stmt"/>
        <line num="46" count="9" type="stmt"/>
        <line num="55" count="9" type="stmt"/>
        <line num="57" count="3" type="stmt"/>
        <line num="62" count="3" type="stmt"/>
        <line num="77" count="9" type="stmt"/>
        <line num="94" count="9" type="stmt"/>
        <line num="107" count="3" type="stmt"/>
        <line num="121" count="9" type="stmt"/>
        <line num="129" count="9" type="stmt"/>
        <line num="135" count="9" type="stmt"/>
        <line num="137" count="2" type="stmt"/>
        <line num="151" count="9" type="stmt"/>
      </file>
      <file name="page-header.tsx" path="/workspaces/GeekVault/src/web/src/components/ds/page-header.tsx">
        <metrics statements="3" coveredstatements="3" conditionals="4" coveredconditionals="4" methods="1" coveredmethods="1"/>
        <line num="10" count="9" type="stmt"/>
        <line num="12" count="926" type="stmt"/>
        <line num="36" count="9" type="stmt"/>
      </file>
      <file name="scroll-area.tsx" path="/workspaces/GeekVault/src/web/src/components/ds/scroll-area.tsx">
        <metrics statements="3" coveredstatements="3" conditionals="0" coveredconditionals="0" methods="1" coveredmethods="1"/>
        <line num="5" count="9" type="stmt"/>
        <line num="9" count="2" type="stmt"/>
        <line num="21" count="9" type="stmt"/>
      </file>
      <file name="select.tsx" path="/workspaces/GeekVault/src/web/src/components/ds/select.tsx">
        <metrics statements="18" coveredstatements="17" conditionals="0" coveredconditionals="0" methods="5" coveredmethods="4"/>
        <line num="6" count="9" type="stmt"/>
        <line num="7" count="9" type="stmt"/>
        <line num="8" count="9" type="stmt"/>
        <line num="10" count="9" type="stmt"/>
        <line num="14" count="2" type="stmt"/>
        <line num="28" count="9" type="stmt"/>
        <line num="30" count="9" type="stmt"/>
        <line num="34" count="2" type="stmt"/>
        <line num="42" count="9" type="stmt"/>
        <line num="44" count="9" type="stmt"/>
        <line num="48" count="2" type="stmt"/>
        <line num="56" count="9" type="stmt"/>
        <line num="109" count="9" type="stmt"/>
        <line num="113" count="3" type="stmt"/>
        <line num="129" count="9" type="stmt"/>
        <line num="131" count="9" type="stmt"/>
        <line num="135" count="0" type="stmt"/>
        <line num="141" count="9" type="stmt"/>
      </file>
      <file name="skeleton.tsx" path="/workspaces/GeekVault/src/web/src/components/ds/skeleton.tsx">
        <metrics statements="10" coveredstatements="10" conditionals="6" coveredconditionals="6" methods="4" coveredmethods="4"/>
        <line num="9" count="9" type="stmt"/>
        <line num="11" count="6866" type="stmt"/>
        <line num="21" count="9" type="stmt"/>
        <line num="27" count="9" type="stmt"/>
        <line num="29" count="19" type="stmt"/>
        <line num="39" count="9" type="stmt"/>
        <line num="46" count="9" type="stmt"/>
        <line num="48" count="668" type="stmt"/>
        <line num="51" count="1395" type="stmt"/>
        <line num="63" count="9" type="stmt"/>
      </file>
      <file name="sortable-list.tsx" path="/workspaces/GeekVault/src/web/src/components/ds/sortable-list.tsx">
        <metrics statements="13" coveredstatements="13" conditionals="10" coveredconditionals="9" methods="6" coveredmethods="6"/>
        <line num="45" count="18" type="stmt"/>
        <line num="48" count="18" type="stmt"/>
        <line num="56" count="18" type="stmt"/>
        <line num="61" count="18" type="stmt"/>
        <line num="87" count="7" type="stmt"/>
        <line num="99" count="7" type="stmt"/>
        <line num="100" count="18" type="stmt"/>
        <line num="118" count="7" type="cond" truecount="2" falsecount="0"/>
        <line num="120" count="7" type="stmt"/>
        <line num="136" count="18" type="stmt"/>
        <line num="137" count="18" type="stmt"/>
        <line num="139" count="18" type="stmt"/>
        <line num="149" count="9" type="stmt"/>
      </file>
      <file name="stat-card.tsx" path="/workspaces/GeekVault/src/web/src/components/ds/stat-card.tsx">
        <metrics statements="5" coveredstatements="5" conditionals="2" coveredconditionals="2" methods="1" coveredmethods="1"/>
        <line num="15" count="9" type="stmt"/>
        <line num="21" count="9" type="stmt"/>
        <line num="27" count="9" type="stmt"/>
        <line num="29" count="51" type="stmt"/>
        <line num="53" count="9" type="stmt"/>
      </file>
      <file name="tabs.tsx" path="/workspaces/GeekVault/src/web/src/components/ds/tabs.tsx">
        <metrics statements="10" coveredstatements="10" conditionals="0" coveredconditionals="0" methods="3" coveredmethods="3"/>
        <line num="5" count="9" type="stmt"/>
        <line num="7" count="9" type="stmt"/>
        <line num="11" count="2" type="stmt"/>
        <line num="20" count="9" type="stmt"/>
        <line num="22" count="9" type="stmt"/>
        <line num="26" count="4" type="stmt"/>
        <line num="37" count="9" type="stmt"/>
        <line num="39" count="9" type="stmt"/>
        <line num="43" count="4" type="stmt"/>
        <line num="52" count="9" type="stmt"/>
      </file>
      <file name="textarea.tsx" path="/workspaces/GeekVault/src/web/src/components/ds/textarea.tsx">
        <metrics statements="3" coveredstatements="3" conditionals="0" coveredconditionals="0" methods="1" coveredmethods="1"/>
        <line num="4" count="8" type="stmt"/>
        <line num="8" count="30" type="stmt"/>
        <line num="19" count="8" type="stmt"/>
      </file>
      <file name="toaster.tsx" path="/workspaces/GeekVault/src/web/src/components/ds/toaster.tsx">
        <metrics statements="1" coveredstatements="1" conditionals="0" coveredconditionals="0" methods="1" coveredmethods="1"/>
        <line num="4" count="1" type="stmt"/>
      </file>
      <file name="tooltip.tsx" path="/workspaces/GeekVault/src/web/src/components/ds/tooltip.tsx">
        <metrics statements="6" coveredstatements="6" conditionals="1" coveredconditionals="1" methods="1" coveredmethods="1"/>
        <line num="5" count="9" type="stmt"/>
        <line num="7" count="9" type="stmt"/>
        <line num="9" count="9" type="stmt"/>
        <line num="11" count="9" type="stmt"/>
        <line num="15" count="1" type="stmt"/>
        <line num="27" count="9" type="stmt"/>
      </file>
    </package>
    <package name="src.components.layout">
      <metrics statements="68" coveredstatements="68" conditionals="37" coveredconditionals="34" methods="40" coveredmethods="40"/>
      <file name="animated-outlet.tsx" path="/workspaces/GeekVault/src/web/src/components/layout/animated-outlet.tsx">
        <metrics statements="3" coveredstatements="3" conditionals="0" coveredconditionals="0" methods="1" coveredmethods="1"/>
        <line num="6" count="1" type="stmt"/>
        <line num="7" count="1" type="stmt"/>
        <line num="9" count="1" type="stmt"/>
      </file>
      <file name="app-layout.tsx" path="/workspaces/GeekVault/src/web/src/components/layout/app-layout.tsx">
        <metrics statements="1" coveredstatements="1" conditionals="0" coveredconditionals="0" methods="1" coveredmethods="1"/>
        <line num="7" count="4" type="stmt"/>
      </file>
      <file name="command-palette.tsx" path="/workspaces/GeekVault/src/web/src/components/layout/command-palette.tsx">
        <metrics statements="21" coveredstatements="21" conditionals="5" coveredconditionals="5" methods="18" coveredmethods="18"/>
        <line num="28" count="39" type="stmt"/>
        <line num="29" count="39" type="stmt"/>
        <line num="30" count="39" type="stmt"/>
        <line num="31" count="39" type="stmt"/>
        <line num="33" count="39" type="stmt"/>
        <line num="34" count="16" type="stmt"/>
        <line num="35" count="15" type="cond" truecount="5" falsecount="0"/>
        <line num="36" count="14" type="stmt"/>
        <line num="37" count="14" type="stmt"/>
        <line num="40" count="16" type="stmt"/>
        <line num="41" count="16" type="stmt"/>
        <line num="44" count="39" type="stmt"/>
        <line num="45" count="9" type="stmt"/>
        <line num="46" count="9" type="stmt"/>
        <line num="49" count="39" type="stmt"/>
        <line num="72" count="1" type="stmt"/>
        <line num="80" count="1" type="stmt"/>
        <line num="88" count="1" type="stmt"/>
        <line num="96" count="1" type="stmt"/>
        <line num="104" count="1" type="stmt"/>
        <line num="121" count="1" type="stmt"/>
      </file>
      <file name="header.tsx" path="/workspaces/GeekVault/src/web/src/components/layout/header.tsx">
        <metrics statements="3" coveredstatements="3" conditionals="0" coveredconditionals="0" methods="1" coveredmethods="1"/>
        <line num="11" count="6" type="stmt"/>
        <line num="12" count="6" type="stmt"/>
        <line num="13" count="6" type="stmt"/>
      </file>
      <file name="sidebar.tsx" path="/workspaces/GeekVault/src/web/src/components/layout/sidebar.tsx">
        <metrics statements="40" coveredstatements="40" conditionals="32" coveredconditionals="29" methods="19" coveredmethods="19"/>
        <line num="21" count="1" type="stmt"/>
        <line num="23" count="1" type="stmt"/>
        <line num="32" count="9" type="stmt"/>
        <line num="33" count="9" type="cond" truecount="2" falsecount="0"/>
        <line num="35" count="7" type="stmt"/>
        <line num="39" count="12" type="stmt"/>
        <line num="40" count="12" type="stmt"/>
        <line num="41" count="12" type="stmt"/>
        <line num="42" count="12" type="stmt"/>
        <line num="43" count="12" type="stmt"/>
        <line num="45" count="12" type="stmt"/>
        <line num="46" count="12" type="stmt"/>
        <line num="49" count="12" type="stmt"/>
        <line num="50" count="9" type="stmt"/>
        <line num="51" count="9" type="stmt"/>
        <line num="52" count="9" type="stmt"/>
        <line num="55" count="12" type="stmt"/>
        <line num="56" count="1" type="stmt"/>
        <line num="57" count="1" type="stmt"/>
        <line num="60" count="12" type="stmt"/>
        <line num="63" count="12" type="cond" truecount="1" falsecount="1"/>
        <line num="66" count="24" type="stmt"/>
        <line num="72" count="12" type="stmt"/>
        <line num="98" count="60" type="stmt"/>
        <line num="102" count="60" type="stmt"/>
        <line num="117" count="60" type="cond" truecount="2" falsecount="0"/>
        <line num="118" count="25" type="stmt"/>
        <line num="126" count="35" type="stmt"/>
        <line num="201" count="4" type="stmt"/>
        <line num="202" count="4" type="stmt"/>
        <line num="203" count="4" type="stmt"/>
        <line num="205" count="4" type="stmt"/>
        <line num="206" count="1" type="stmt"/>
        <line num="207" count="1" type="stmt"/>
        <line num="208" count="1" type="stmt"/>
        <line num="211" count="4" type="cond" truecount="1" falsecount="1"/>
        <line num="214" count="8" type="stmt"/>
        <line num="220" count="4" type="stmt"/>
        <line num="231" count="20" type="stmt"/>
        <line num="236" count="20" type="stmt"/>
      </file>
    </package>
    <package name="src.components.ui">
      <metrics statements="35" coveredstatements="35" conditionals="15" coveredconditionals="15" methods="12" coveredmethods="12"/>
      <file name="button.tsx" path="/workspaces/GeekVault/src/web/src/components/ui/button.tsx">
        <metrics statements="4" coveredstatements="4" conditionals="0" coveredconditionals="0" methods="1" coveredmethods="1"/>
        <line num="5" count="12" type="stmt"/>
        <line num="39" count="12" type="stmt"/>
        <line num="41" count="4668" type="stmt"/>
        <line num="50" count="12" type="stmt"/>
      </file>
      <file name="confirm-dialog.tsx" path="/workspaces/GeekVault/src/web/src/components/ui/confirm-dialog.tsx">
        <metrics statements="2" coveredstatements="2" conditionals="6" coveredconditionals="6" methods="2" coveredmethods="2"/>
        <line num="35" count="1216" type="stmt"/>
        <line num="43" count="8" type="stmt"/>
      </file>
      <file name="dialog.tsx" path="/workspaces/GeekVault/src/web/src/components/ui/dialog.tsx">
        <metrics statements="13" coveredstatements="13" conditionals="0" coveredconditionals="0" methods="5" coveredmethods="5"/>
        <line num="6" count="8" type="stmt"/>
        <line num="7" count="8" type="stmt"/>
        <line num="8" count="8" type="stmt"/>
        <line num="9" count="8" type="stmt"/>
        <line num="11" count="8" type="stmt"/>
        <line num="15" count="700" type="stmt"/>
        <line num="24" count="8" type="stmt"/>
        <line num="26" count="8" type="stmt"/>
        <line num="30" count="2999" type="stmt"/>
        <line num="48" count="8" type="stmt"/>
        <line num="51" count="526" type="stmt"/>
        <line num="60" count="527" type="stmt"/>
        <line num="69" count="525" type="stmt"/>
      </file>
      <file name="input.tsx" path="/workspaces/GeekVault/src/web/src/components/ui/input.tsx">
        <metrics statements="3" coveredstatements="3" conditionals="0" coveredconditionals="0" methods="1" coveredmethods="1"/>
        <line num="4" count="9" type="stmt"/>
        <line num="6" count="2565" type="stmt"/>
        <line num="19" count="9" type="stmt"/>
      </file>
      <file name="label.tsx" path="/workspaces/GeekVault/src/web/src/components/ui/label.tsx">
        <metrics statements="3" coveredstatements="3" conditionals="0" coveredconditionals="0" methods="1" coveredmethods="1"/>
        <line num="4" count="9" type="stmt"/>
        <line num="6" count="2997" type="stmt"/>
        <line num="18" count="9" type="stmt"/>
      </file>
      <file name="sheet.tsx" path="/workspaces/GeekVault/src/web/src/components/ui/sheet.tsx">
        <metrics statements="10" coveredstatements="10" conditionals="9" coveredconditionals="9" methods="2" coveredmethods="2"/>
        <line num="6" count="2" type="stmt"/>
        <line num="7" count="2" type="stmt"/>
        <line num="8" count="2" type="stmt"/>
        <line num="9" count="2" type="stmt"/>
        <line num="11" count="2" type="stmt"/>
        <line num="15" count="8" type="stmt"/>
        <line num="24" count="2" type="stmt"/>
        <line num="31" count="2" type="stmt"/>
        <line num="35" count="11" type="stmt"/>
        <line num="61" count="2" type="stmt"/>
      </file>
    </package>
    <package name="src.features.auth">
      <metrics statements="60" coveredstatements="60" conditionals="28" coveredconditionals="28" methods="10" coveredmethods="10"/>
      <file name="auth-layout.tsx" path="/workspaces/GeekVault/src/web/src/features/auth/auth-layout.tsx">
        <metrics statements="2" coveredstatements="2" conditionals="0" coveredconditionals="0" methods="1" coveredmethods="1"/>
        <line num="9" count="56" type="stmt"/>
        <line num="11" count="56" type="stmt"/>
      </file>
      <file name="login-page.tsx" path="/workspaces/GeekVault/src/web/src/features/auth/login-page.tsx">
        <metrics statements="25" coveredstatements="25" conditionals="12" coveredconditionals="12" methods="4" coveredmethods="4"/>
        <line num="12" count="22" type="stmt"/>
        <line num="13" count="22" type="stmt"/>
        <line num="14" count="22" type="stmt"/>
        <line num="16" count="22" type="stmt"/>
        <line num="17" count="22" type="stmt"/>
        <line num="18" count="22" type="stmt"/>
        <line num="19" count="22" type="stmt"/>
        <line num="21" count="22" type="stmt"/>
        <line num="22" count="5" type="stmt"/>
        <line num="23" count="5" type="stmt"/>
        <line num="25" count="5" type="cond" truecount="2" falsecount="0"/>
        <line num="26" count="1" type="stmt"/>
        <line num="27" count="1" type="stmt"/>
        <line num="29" count="4" type="cond" truecount="2" falsecount="0"/>
        <line num="30" count="1" type="stmt"/>
        <line num="31" count="1" type="stmt"/>
        <line num="34" count="3" type="stmt"/>
        <line num="35" count="3" type="stmt"/>
        <line num="36" count="3" type="stmt"/>
        <line num="37" count="1" type="stmt"/>
        <line num="39" count="2" type="cond" truecount="2" falsecount="0"/>
        <line num="41" count="3" type="stmt"/>
        <line num="45" count="22" type="stmt"/>
        <line num="70" count="4" type="stmt"/>
        <line num="83" count="3" type="stmt"/>
      </file>
      <file name="register-page.tsx" path="/workspaces/GeekVault/src/web/src/features/auth/register-page.tsx">
        <metrics statements="33" coveredstatements="33" conditionals="16" coveredconditionals="16" methods="5" coveredmethods="5"/>
        <line num="12" count="34" type="stmt"/>
        <line num="13" count="34" type="stmt"/>
        <line num="14" count="34" type="stmt"/>
        <line num="16" count="34" type="stmt"/>
        <line num="17" count="34" type="stmt"/>
        <line num="18" count="34" type="stmt"/>
        <line num="19" count="34" type="stmt"/>
        <line num="20" count="34" type="stmt"/>
        <line num="22" count="34" type="stmt"/>
        <line num="23" count="7" type="stmt"/>
        <line num="24" count="7" type="stmt"/>
        <line num="26" count="7" type="cond" truecount="2" falsecount="0"/>
        <line num="27" count="1" type="stmt"/>
        <line num="28" count="1" type="stmt"/>
        <line num="30" count="6" type="cond" truecount="2" falsecount="0"/>
        <line num="31" count="1" type="stmt"/>
        <line num="32" count="1" type="stmt"/>
        <line num="34" count="5" type="cond" truecount="2" falsecount="0"/>
        <line num="35" count="1" type="stmt"/>
        <line num="36" count="1" type="stmt"/>
        <line num="38" count="4" type="cond" truecount="2" falsecount="0"/>
        <line num="39" count="1" type="stmt"/>
        <line num="40" count="1" type="stmt"/>
        <line num="43" count="3" type="stmt"/>
        <line num="44" count="3" type="stmt"/>
        <line num="45" count="3" type="stmt"/>
        <line num="46" count="1" type="stmt"/>
        <line num="48" count="2" type="cond" truecount="2" falsecount="0"/>
        <line num="50" count="3" type="stmt"/>
        <line num="54" count="34" type="stmt"/>
        <line num="79" count="6" type="stmt"/>
        <line num="92" count="5" type="stmt"/>
        <line num="105" count="4" type="stmt"/>
      </file>
    </package>
    <package name="src.features.collection-types">
      <metrics statements="118" coveredstatements="117" conditionals="79" coveredconditionals="68" methods="34" coveredmethods="33"/>
      <file name="collection-types-page.tsx" path="/workspaces/GeekVault/src/web/src/features/collection-types/collection-types-page.tsx">
        <metrics statements="118" coveredstatements="117" conditionals="79" coveredconditionals="68" methods="34" coveredmethods="33"/>
        <line num="44" count="1" type="stmt"/>
        <line num="63" count="30" type="stmt"/>
        <line num="67" count="171" type="stmt"/>
        <line num="68" count="171" type="stmt"/>
        <line num="70" count="171" type="stmt"/>
        <line num="71" count="171" type="stmt"/>
        <line num="74" count="171" type="stmt"/>
        <line num="75" count="171" type="stmt"/>
        <line num="76" count="171" type="stmt"/>
        <line num="77" count="171" type="stmt"/>
        <line num="78" count="171" type="stmt"/>
        <line num="79" count="171" type="stmt"/>
        <line num="80" count="171" type="stmt"/>
        <line num="81" count="171" type="stmt"/>
        <line num="84" count="171" type="stmt"/>
        <line num="85" count="171" type="stmt"/>
        <line num="88" count="171" type="stmt"/>
        <line num="90" count="171" type="stmt"/>
        <line num="96" count="34" type="stmt"/>
        <line num="97" count="34" type="stmt"/>
        <line num="98" count="33" type="cond" truecount="2" falsecount="0"/>
        <line num="99" count="32" type="stmt"/>
        <line num="100" count="61" type="stmt"/>
        <line num="105" count="1" type="stmt"/>
        <line num="107" count="33" type="stmt"/>
        <line num="111" count="171" type="stmt"/>
        <line num="112" count="31" type="stmt"/>
        <line num="116" count="18" type="stmt"/>
        <line num="117" count="18" type="stmt"/>
        <line num="118" count="18" type="stmt"/>
        <line num="119" count="18" type="stmt"/>
        <line num="120" count="18" type="stmt"/>
        <line num="121" count="18" type="stmt"/>
        <line num="122" count="18" type="stmt"/>
        <line num="123" count="18" type="stmt"/>
        <line num="127" count="3" type="stmt"/>
        <line num="128" count="3" type="stmt"/>
        <line num="129" count="3" type="stmt"/>
        <line num="130" count="3" type="stmt"/>
        <line num="131" count="13" type="cond" truecount="2" falsecount="2"/>
        <line num="132" count="3" type="stmt"/>
        <line num="133" count="3" type="stmt"/>
        <line num="134" count="3" type="stmt"/>
        <line num="138" count="8" type="stmt"/>
        <line num="139" count="8" type="stmt"/>
        <line num="141" count="8" type="cond" truecount="2" falsecount="0"/>
        <line num="142" count="1" type="stmt"/>
        <line num="143" count="1" type="stmt"/>
        <line num="146" count="7" type="cond" truecount="2" falsecount="0"/>
        <line num="147" count="1" type="stmt"/>
        <line num="148" count="1" type="stmt"/>
        <line num="151" count="6" type="stmt"/>
        <line num="152" count="3" type="cond" truecount="2" falsecount="0"/>
        <line num="153" count="1" type="stmt"/>
        <line num="154" count="1" type="stmt"/>
        <line num="156" count="2" type="cond" truecount="4" falsecount="0"/>
        <line num="157" count="1" type="stmt"/>
        <line num="158" count="1" type="stmt"/>
        <line num="162" count="4" type="stmt"/>
        <line num="163" count="4" type="stmt"/>
        <line num="164" count="4" type="stmt"/>
        <line num="168" count="1" type="stmt"/>
        <line num="176" count="4" type="cond" truecount="2" falsecount="0"/>
        <line num="179" count="8" type="cond" truecount="2" falsecount="0"/>
        <line num="181" count="8" type="stmt"/>
        <line num="183" count="4" type="cond" truecount="2" falsecount="0"/>
        <line num="184" count="2" type="stmt"/>
        <line num="185" count="2" type="cond" truecount="2" falsecount="0"/>
        <line num="188" count="2" type="stmt"/>
        <line num="189" count="2" type="cond" truecount="2" falsecount="0"/>
        <line num="190" count="8" type="stmt"/>
        <line num="192" count="2" type="cond" truecount="1" falsecount="1"/>
        <line num="194" count="4" type="stmt"/>
        <line num="199" count="2" type="cond" truecount="1" falsecount="1"/>
        <line num="200" count="2" type="stmt"/>
        <line num="201" count="2" type="stmt"/>
        <line num="202" count="2" type="stmt"/>
        <line num="206" count="2" type="cond" truecount="2" falsecount="0"/>
        <line num="207" count="1" type="stmt"/>
        <line num="208" count="1" type="stmt"/>
        <line num="209" count="1" type="stmt"/>
        <line num="211" count="1" type="stmt"/>
        <line num="213" count="2" type="stmt"/>
        <line num="219" count="30" type="cond" truecount="1" falsecount="1"/>
        <line num="220" count="30" type="stmt"/>
        <line num="224" count="1" type="stmt"/>
        <line num="226" count="1" type="stmt"/>
        <line num="227" count="1" type="stmt"/>
        <line num="228" count="1" type="stmt"/>
        <line num="229" count="1" type="stmt"/>
        <line num="234" count="17" type="stmt"/>
        <line num="235" count="17" type="cond" truecount="1" falsecount="1"/>
        <line num="240" count="8" type="stmt"/>
        <line num="241" count="8" type="cond" truecount="2" falsecount="0"/>
        <line num="242" count="7" type="stmt"/>
        <line num="243" count="7" type="cond" truecount="2" falsecount="0"/>
        <line num="244" count="6" type="stmt"/>
        <line num="245" count="6" type="stmt"/>
        <line num="249" count="1" type="stmt"/>
        <line num="250" count="1" type="stmt"/>
        <line num="251" count="2" type="stmt"/>
        <line num="256" count="1" type="cond" truecount="1" falsecount="1"/>
        <line num="257" count="1" type="stmt"/>
        <line num="258" count="1" type="cond" truecount="1" falsecount="1"/>
        <line num="262" count="171" type="cond" truecount="2" falsecount="0"/>
        <line num="263" count="31" type="stmt"/>
        <line num="274" count="186" type="stmt"/>
        <line num="291" count="140" type="stmt"/>
        <line num="311" count="0" type="stmt"/>
        <line num="316" count="273" type="stmt"/>
        <line num="340" count="3" type="stmt"/>
        <line num="346" count="5" type="stmt"/>
        <line num="362" count="168" type="stmt"/>
        <line num="419" count="8" type="stmt"/>
        <line num="429" count="1" type="stmt"/>
        <line num="443" count="1" type="stmt"/>
        <line num="627" count="1" type="stmt"/>
        <line num="648" count="2" type="cond" truecount="2" falsecount="0"/>
      </file>
    </package>
    <package name="src.features.collections">
      <metrics statements="690" coveredstatements="671" conditionals="512" coveredconditionals="446" methods="174" coveredmethods="163"/>
      <file name="catalog-item-detail-page.tsx" path="/workspaces/GeekVault/src/web/src/features/collections/catalog-item-detail-page.tsx">
        <metrics statements="232" coveredstatements="231" conditionals="191" coveredconditionals="172" methods="58" coveredmethods="58"/>
        <line num="47" count="1" type="stmt"/>
        <line num="103" count="231" type="stmt"/>
        <line num="104" count="231" type="stmt"/>
        <line num="105" count="231" type="stmt"/>
        <line num="106" count="231" type="stmt"/>
        <line num="108" count="231" type="stmt"/>
        <line num="109" count="231" type="stmt"/>
        <line num="110" count="231" type="stmt"/>
        <line num="111" count="231" type="stmt"/>
        <line num="112" count="231" type="stmt"/>
        <line num="115" count="231" type="stmt"/>
        <line num="116" count="231" type="stmt"/>
        <line num="117" count="231" type="stmt"/>
        <line num="118" count="231" type="stmt"/>
        <line num="119" count="231" type="stmt"/>
        <line num="120" count="231" type="stmt"/>
        <line num="121" count="231" type="stmt"/>
        <line num="122" count="231" type="stmt"/>
        <line num="123" count="231" type="stmt"/>
        <line num="124" count="231" type="stmt"/>
        <line num="125" count="231" type="stmt"/>
        <line num="126" count="231" type="stmt"/>
        <line num="129" count="231" type="stmt"/>
        <line num="130" count="231" type="stmt"/>
        <line num="133" count="231" type="stmt"/>
        <line num="134" count="231" type="stmt"/>
        <line num="135" count="231" type="stmt"/>
        <line num="136" count="231" type="stmt"/>
        <line num="137" count="231" type="stmt"/>
        <line num="138" count="231" type="stmt"/>
        <line num="139" count="231" type="stmt"/>
        <line num="140" count="231" type="stmt"/>
        <line num="141" count="231" type="stmt"/>
        <line num="142" count="231" type="stmt"/>
        <line num="143" count="231" type="stmt"/>
        <line num="146" count="231" type="stmt"/>
        <line num="147" count="231" type="stmt"/>
        <line num="148" count="231" type="stmt"/>
        <line num="150" count="231" type="stmt"/>
        <line num="155" count="231" type="stmt"/>
        <line num="156" count="59" type="stmt"/>
        <line num="157" count="59" type="stmt"/>
        <line num="158" count="58" type="cond" truecount="2" falsecount="0"/>
        <line num="159" count="56" type="stmt"/>
        <line num="160" count="56" type="stmt"/>
        <line num="161" count="56" type="stmt"/>
        <line num="163" count="2" type="stmt"/>
        <line num="164" count="2" type="stmt"/>
        <line num="168" count="231" type="stmt"/>
        <line num="169" count="57" type="stmt"/>
        <line num="170" count="57" type="stmt"/>
        <line num="171" count="57" type="cond" truecount="1" falsecount="1"/>
        <line num="172" count="57" type="stmt"/>
        <line num="173" count="57" type="stmt"/>
        <line num="179" count="231" type="stmt"/>
        <line num="180" count="52" type="stmt"/>
        <line num="181" count="52" type="stmt"/>
        <line num="182" count="52" type="cond" truecount="1" falsecount="1"/>
        <line num="183" count="52" type="stmt"/>
        <line num="184" count="52" type="stmt"/>
        <line num="190" count="231" type="stmt"/>
        <line num="192" count="55" type="stmt"/>
        <line num="193" count="55" type="stmt"/>
        <line num="194" count="54" type="cond" truecount="2" falsecount="0"/>
        <line num="195" count="52" type="stmt"/>
        <line num="196" count="52" type="stmt"/>
        <line num="197" count="52" type="cond" truecount="1" falsecount="1"/>
        <line num="198" count="52" type="stmt"/>
        <line num="199" count="52" type="stmt"/>
        <line num="200" count="52" type="stmt"/>
        <line num="205" count="52" type="stmt"/>
        <line num="207" count="54" type="stmt"/>
        <line num="209" count="55" type="stmt"/>
        <line num="213" count="21" type="cond" truecount="1" falsecount="1"/>
        <line num="214" count="21" type="stmt"/>
        <line num="215" count="21" type="stmt"/>
        <line num="216" count="21" type="cond" truecount="1" falsecount="1"/>
        <line num="217" count="21" type="cond" truecount="1" falsecount="1"/>
        <line num="218" count="21" type="cond" truecount="1" falsecount="1"/>
        <line num="219" count="21" type="cond" truecount="1" falsecount="1"/>
        <line num="220" count="21" type="stmt"/>
        <line num="221" count="21" type="cond" truecount="1" falsecount="1"/>
        <line num="222" count="21" type="stmt"/>
        <line num="223" count="21" type="cond" truecount="1" falsecount="1"/>
        <line num="224" count="20" type="stmt"/>
        <line num="226" count="21" type="stmt"/>
        <line num="227" count="21" type="stmt"/>
        <line num="228" count="21" type="stmt"/>
        <line num="232" count="10" type="stmt"/>
        <line num="233" count="10" type="stmt"/>
        <line num="235" count="10" type="cond" truecount="2" falsecount="0"/>
        <line num="236" count="1" type="stmt"/>
        <line num="237" count="1" type="stmt"/>
        <line num="239" count="9" type="cond" truecount="2" falsecount="0"/>
        <line num="240" count="1" type="stmt"/>
        <line num="241" count="1" type="stmt"/>
        <line num="244" count="8" type="cond" truecount="1" falsecount="1"/>
        <line num="245" count="8" type="stmt"/>
        <line num="246" count="8" type="cond" truecount="4" falsecount="0"/>
        <line num="247" count="1" type="stmt"/>
        <line num="248" count="1" type="stmt"/>
        <line num="253" count="7" type="stmt"/>
        <line num="254" count="7" type="stmt"/>
        <line num="255" count="7" type="stmt"/>
        <line num="256" count="7" type="stmt"/>
        <line num="257" count="6" type="stmt"/>
        <line num="259" count="7" type="stmt"/>
        <line num="270" count="10" type="stmt"/>
        <line num="276" count="6" type="cond" truecount="2" falsecount="0"/>
        <line num="277" count="2" type="stmt"/>
        <line num="278" count="2" type="cond" truecount="2" falsecount="0"/>
        <line num="281" count="4" type="cond" truecount="2" falsecount="0"/>
        <line num="282" count="2" type="stmt"/>
        <line num="283" count="2" type="stmt"/>
        <line num="284" count="2" type="stmt"/>
        <line num="289" count="2" type="cond" truecount="2" falsecount="0"/>
        <line num="290" count="1" type="stmt"/>
        <line num="294" count="4" type="stmt"/>
        <line num="295" count="4" type="stmt"/>
        <line num="296" count="4" type="stmt"/>
        <line num="298" count="3" type="cond" truecount="2" falsecount="0"/>
        <line num="300" count="7" type="stmt"/>
        <line num="305" count="3" type="stmt"/>
        <line num="306" count="3" type="stmt"/>
        <line num="307" count="3" type="stmt"/>
        <line num="311" count="2" type="cond" truecount="2" falsecount="0"/>
        <line num="312" count="1" type="stmt"/>
        <line num="313" count="1" type="stmt"/>
        <line num="315" count="2" type="stmt"/>
        <line num="316" count="2" type="stmt"/>
        <line num="317" count="2" type="stmt"/>
        <line num="322" count="10" type="stmt"/>
        <line num="323" count="10" type="stmt"/>
        <line num="324" count="10" type="stmt"/>
        <line num="325" count="10" type="stmt"/>
        <line num="326" count="10" type="stmt"/>
        <line num="327" count="10" type="stmt"/>
        <line num="328" count="10" type="stmt"/>
        <line num="329" count="10" type="stmt"/>
        <line num="330" count="10" type="stmt"/>
        <line num="331" count="10" type="stmt"/>
        <line num="335" count="5" type="stmt"/>
        <line num="336" count="5" type="stmt"/>
        <line num="337" count="5" type="cond" truecount="2" falsecount="0"/>
        <line num="338" count="5" type="cond" truecount="2" falsecount="0"/>
        <line num="339" count="5" type="cond" truecount="2" falsecount="0"/>
        <line num="340" count="5" type="cond" truecount="2" falsecount="0"/>
        <line num="341" count="5" type="cond" truecount="2" falsecount="0"/>
        <line num="342" count="5" type="stmt"/>
        <line num="343" count="5" type="stmt"/>
        <line num="344" count="5" type="stmt"/>
        <line num="348" count="7" type="stmt"/>
        <line num="349" count="7" type="stmt"/>
        <line num="350" count="7" type="stmt"/>
        <line num="352" count="7" type="stmt"/>
        <line num="353" count="7" type="stmt"/>
        <line num="362" count="7" type="cond" truecount="2" falsecount="0"/>
        <line num="365" count="7" type="cond" truecount="2" falsecount="0"/>
        <line num="367" count="7" type="stmt"/>
        <line num="368" count="6" type="cond" truecount="2" falsecount="0"/>
        <line num="369" count="2" type="stmt"/>
        <line num="370" count="2" type="cond" truecount="2" falsecount="0"/>
        <line num="373" count="4" type="stmt"/>
        <line num="374" count="4" type="cond" truecount="2" falsecount="0"/>
        <line num="377" count="7" type="cond" truecount="2" falsecount="0"/>
        <line num="378" count="2" type="stmt"/>
        <line num="380" count="2" type="stmt"/>
        <line num="381" count="2" type="stmt"/>
        <line num="382" count="2" type="stmt"/>
        <line num="389" count="2" type="cond" truecount="2" falsecount="0"/>
        <line num="390" count="1" type="stmt"/>
        <line num="394" count="4" type="stmt"/>
        <line num="395" count="4" type="cond" truecount="2" falsecount="0"/>
        <line num="396" count="7" type="stmt"/>
        <line num="398" count="3" type="cond" truecount="2" falsecount="0"/>
        <line num="400" count="7" type="stmt"/>
        <line num="405" count="2" type="cond" truecount="1" falsecount="1"/>
        <line num="406" count="2" type="stmt"/>
        <line num="407" count="2" type="stmt"/>
        <line num="408" count="2" type="stmt"/>
        <line num="412" count="2" type="cond" truecount="2" falsecount="0"/>
        <line num="413" count="1" type="stmt"/>
        <line num="414" count="1" type="stmt"/>
        <line num="415" count="1" type="stmt"/>
        <line num="416" count="1" type="stmt"/>
        <line num="418" count="1" type="stmt"/>
        <line num="419" count="1" type="stmt"/>
        <line num="420" count="1" type="stmt"/>
        <line num="425" count="1215" type="stmt"/>
        <line num="429" count="343" type="stmt"/>
        <line num="430" count="343" type="stmt"/>
        <line num="437" count="0" type="stmt"/>
        <line num="463" count="231" type="cond" truecount="2" falsecount="0"/>
        <line num="464" count="55" type="stmt"/>
        <line num="495" count="220" type="stmt"/>
        <line num="509" count="110" type="stmt"/>
        <line num="518" count="176" type="cond" truecount="2" falsecount="0"/>
        <line num="519" count="2" type="stmt"/>
        <line num="522" count="1" type="stmt"/>
        <line num="529" count="174" type="stmt"/>
        <line num="530" count="174" type="cond" truecount="1" falsecount="1"/>
        <line num="533" count="231" type="stmt"/>
        <line num="597" count="5" type="stmt"/>
        <line num="669" count="171" type="stmt"/>
        <line num="706" count="171" type="stmt"/>
        <line num="724" count="5" type="stmt"/>
        <line num="730" count="5" type="stmt"/>
        <line num="794" count="4" type="stmt"/>
        <line num="835" count="1" type="stmt"/>
        <line num="844" count="2" type="stmt"/>
        <line num="855" count="2" type="stmt"/>
        <line num="866" count="2" type="stmt"/>
        <line num="876" count="2" type="stmt"/>
        <line num="888" count="2" type="stmt"/>
        <line num="897" count="2" type="stmt"/>
        <line num="909" count="4" type="cond" truecount="2" falsecount="0"/>
        <line num="927" count="174" type="stmt"/>
        <line num="936" count="1" type="stmt"/>
        <line num="946" count="15" type="stmt"/>
        <line num="957" count="2" type="stmt"/>
        <line num="972" count="3" type="stmt"/>
        <line num="988" count="1" type="stmt"/>
        <line num="1037" count="1" type="stmt"/>
        <line num="1042" count="1044" type="stmt"/>
        <line num="1056" count="1" type="stmt"/>
        <line num="1069" count="1" type="stmt"/>
        <line num="1083" count="1" type="stmt"/>
        <line num="1092" count="1" type="stmt"/>
        <line num="1104" count="1" type="stmt"/>
        <line num="1118" count="4" type="cond" truecount="2" falsecount="0"/>
        <line num="1125" count="2" type="stmt"/>
        <line num="1137" count="1" type="stmt"/>
      </file>
      <file name="collection-detail-page.tsx" path="/workspaces/GeekVault/src/web/src/features/collections/collection-detail-page.tsx">
        <metrics statements="331" coveredstatements="325" conditionals="241" coveredconditionals="206" methods="85" coveredmethods="81"/>
        <line num="117" count="329" type="stmt"/>
        <line num="118" count="329" type="stmt"/>
        <line num="119" count="329" type="stmt"/>
        <line num="120" count="329" type="stmt"/>
        <line num="121" count="329" type="stmt"/>
        <line num="123" count="329" type="stmt"/>
        <line num="124" count="329" type="stmt"/>
        <line num="125" count="329" type="stmt"/>
        <line num="126" count="329" type="stmt"/>
        <line num="127" count="329" type="stmt"/>
        <line num="128" count="329" type="stmt"/>
        <line num="129" count="329" type="stmt"/>
        <line num="132" count="329" type="stmt"/>
        <line num="135" count="329" type="stmt"/>
        <line num="136" count="329" type="stmt"/>
        <line num="137" count="66" type="stmt"/>
        <line num="138" count="66" type="cond" truecount="1" falsecount="1"/>
        <line num="141" count="0" type="stmt"/>
        <line num="142" count="0" type="stmt"/>
        <line num="146" count="329" type="cond" truecount="2" falsecount="0"/>
        <line num="147" count="329" type="cond" truecount="2" falsecount="0"/>
        <line num="148" count="329" type="cond" truecount="2" falsecount="0"/>
        <line num="149" count="329" type="cond" truecount="2" falsecount="0"/>
        <line num="150" count="329" type="cond" truecount="2" falsecount="0"/>
        <line num="153" count="8" type="stmt"/>
        <line num="154" count="8" type="stmt"/>
        <line num="156" count="8" type="cond" truecount="10" falsecount="0"/>
        <line num="161" count="8" type="cond" truecount="2" falsecount="0"/>
        <line num="162" count="2" type="stmt"/>
        <line num="164" count="6" type="stmt"/>
        <line num="166" count="8" type="stmt"/>
        <line num="171" count="329" type="stmt"/>
        <line num="172" count="329" type="stmt"/>
        <line num="173" count="329" type="stmt"/>
        <line num="174" count="329" type="stmt"/>
        <line num="175" count="329" type="stmt"/>
        <line num="176" count="329" type="stmt"/>
        <line num="177" count="329" type="stmt"/>
        <line num="178" count="329" type="stmt"/>
        <line num="179" count="329" type="stmt"/>
        <line num="180" count="329" type="stmt"/>
        <line num="181" count="329" type="stmt"/>
        <line num="182" count="329" type="stmt"/>
        <line num="185" count="329" type="stmt"/>
        <line num="186" count="329" type="stmt"/>
        <line num="187" count="329" type="stmt"/>
        <line num="188" count="329" type="stmt"/>
        <line num="189" count="329" type="stmt"/>
        <line num="190" count="329" type="stmt"/>
        <line num="191" count="329" type="stmt"/>
        <line num="192" count="329" type="stmt"/>
        <line num="193" count="329" type="stmt"/>
        <line num="194" count="329" type="stmt"/>
        <line num="195" count="329" type="stmt"/>
        <line num="196" count="329" type="stmt"/>
        <line num="197" count="329" type="stmt"/>
        <line num="198" count="329" type="stmt"/>
        <line num="199" count="329" type="stmt"/>
        <line num="202" count="329" type="stmt"/>
        <line num="203" count="329" type="stmt"/>
        <line num="204" count="329" type="stmt"/>
        <line num="205" count="329" type="stmt"/>
        <line num="208" count="329" type="stmt"/>
        <line num="209" count="329" type="stmt"/>
        <line num="210" count="329" type="stmt"/>
        <line num="211" count="329" type="stmt"/>
        <line num="214" count="329" type="stmt"/>
        <line num="216" count="329" type="stmt"/>
        <line num="221" count="329" type="stmt"/>
        <line num="222" count="69" type="stmt"/>
        <line num="223" count="69" type="stmt"/>
        <line num="224" count="68" type="cond" truecount="2" falsecount="0"/>
        <line num="225" count="67" type="stmt"/>
        <line num="226" count="67" type="stmt"/>
        <line num="227" count="67" type="stmt"/>
        <line num="229" count="1" type="stmt"/>
        <line num="230" count="1" type="stmt"/>
        <line num="234" count="329" type="stmt"/>
        <line num="235" count="64" type="stmt"/>
        <line num="236" count="64" type="stmt"/>
        <line num="237" count="64" type="cond" truecount="1" falsecount="1"/>
        <line num="238" count="64" type="stmt"/>
        <line num="239" count="64" type="stmt"/>
        <line num="245" count="329" type="stmt"/>
        <line num="246" count="75" type="stmt"/>
        <line num="247" count="75" type="stmt"/>
        <line num="248" count="75" type="cond" truecount="2" falsecount="0"/>
        <line num="249" count="75" type="cond" truecount="2" falsecount="0"/>
        <line num="250" count="75" type="cond" truecount="4" falsecount="0"/>
        <line num="251" count="75" type="cond" truecount="1" falsecount="1"/>
        <line num="252" count="75" type="cond" truecount="1" falsecount="1"/>
        <line num="254" count="75" type="stmt"/>
        <line num="255" count="75" type="cond" truecount="1" falsecount="1"/>
        <line num="256" count="75" type="stmt"/>
        <line num="257" count="75" type="stmt"/>
        <line num="258" count="75" type="stmt"/>
        <line num="261" count="75" type="stmt"/>
        <line num="262" count="75" type="stmt"/>
        <line num="263" count="148" type="stmt"/>
        <line num="264" count="148" type="cond" truecount="1" falsecount="1"/>
        <line num="265" count="148" type="stmt"/>
        <line num="266" count="148" type="cond" truecount="4" falsecount="0"/>
        <line num="267" count="3" type="stmt"/>
        <line num="271" count="75" type="stmt"/>
        <line num="273" count="0" type="stmt"/>
        <line num="277" count="329" type="stmt"/>
        <line num="278" count="73" type="stmt"/>
        <line num="279" count="73" type="stmt"/>
        <line num="280" count="73" type="cond" truecount="1" falsecount="1"/>
        <line num="281" count="73" type="stmt"/>
        <line num="282" count="73" type="stmt"/>
        <line num="288" count="329" type="stmt"/>
        <line num="289" count="24" type="stmt"/>
        <line num="290" count="24" type="stmt"/>
        <line num="291" count="24" type="cond" truecount="1" falsecount="1"/>
        <line num="292" count="24" type="stmt"/>
        <line num="293" count="24" type="stmt"/>
        <line num="294" count="24" type="stmt"/>
        <line num="301" count="14" type="stmt"/>
        <line num="302" count="14" type="stmt"/>
        <line num="303" count="14" type="cond" truecount="1" falsecount="1"/>
        <line num="304" count="0" type="stmt"/>
        <line num="306" count="14" type="stmt"/>
        <line num="308" count="14" type="cond" truecount="1" falsecount="1"/>
        <line num="309" count="14" type="stmt"/>
        <line num="312" count="14" type="stmt"/>
        <line num="318" count="5" type="stmt"/>
        <line num="319" count="5" type="stmt"/>
        <line num="322" count="329" type="stmt"/>
        <line num="324" count="66" type="stmt"/>
        <line num="325" count="66" type="stmt"/>
        <line num="326" count="65" type="cond" truecount="2" falsecount="0"/>
        <line num="327" count="64" type="stmt"/>
        <line num="329" count="65" type="stmt"/>
        <line num="331" count="66" type="stmt"/>
        <line num="335" count="329" type="stmt"/>
        <line num="336" count="74" type="cond" truecount="2" falsecount="0"/>
        <line num="337" count="8" type="stmt"/>
        <line num="342" count="14" type="stmt"/>
        <line num="343" count="14" type="stmt"/>
        <line num="344" count="14" type="stmt"/>
        <line num="345" count="14" type="stmt"/>
        <line num="346" count="14" type="stmt"/>
        <line num="347" count="14" type="stmt"/>
        <line num="348" count="14" type="stmt"/>
        <line num="349" count="14" type="stmt"/>
        <line num="350" count="14" type="stmt"/>
        <line num="351" count="14" type="stmt"/>
        <line num="352" count="14" type="stmt"/>
        <line num="356" count="8" type="stmt"/>
        <line num="357" count="8" type="stmt"/>
        <line num="359" count="8" type="cond" truecount="2" falsecount="0"/>
        <line num="360" count="1" type="stmt"/>
        <line num="361" count="1" type="stmt"/>
        <line num="363" count="7" type="cond" truecount="2" falsecount="0"/>
        <line num="364" count="1" type="stmt"/>
        <line num="365" count="1" type="stmt"/>
        <line num="369" count="6" type="cond" truecount="1" falsecount="1"/>
        <line num="370" count="6" type="stmt"/>
        <line num="371" count="6" type="cond" truecount="4" falsecount="0"/>
        <line num="372" count="1" type="stmt"/>
        <line num="373" count="1" type="stmt"/>
        <line num="378" count="5" type="stmt"/>
        <line num="379" count="5" type="stmt"/>
        <line num="380" count="5" type="stmt"/>
        <line num="381" count="0" type="stmt"/>
        <line num="382" count="0" type="stmt"/>
        <line num="384" count="5" type="stmt"/>
        <line num="395" count="8" type="stmt"/>
        <line num="401" count="5" type="cond" truecount="2" falsecount="0"/>
        <line num="402" count="2" type="stmt"/>
        <line num="403" count="2" type="cond" truecount="2" falsecount="0"/>
        <line num="406" count="3" type="stmt"/>
        <line num="408" count="3" type="cond" truecount="2" falsecount="0"/>
        <line num="409" count="2" type="stmt"/>
        <line num="410" count="2" type="stmt"/>
        <line num="411" count="2" type="stmt"/>
        <line num="416" count="2" type="cond" truecount="2" falsecount="0"/>
        <line num="417" count="1" type="stmt"/>
        <line num="421" count="3" type="stmt"/>
        <line num="422" count="3" type="stmt"/>
        <line num="423" count="3" type="stmt"/>
        <line num="425" count="2" type="cond" truecount="1" falsecount="1"/>
        <line num="427" count="5" type="stmt"/>
        <line num="433" count="4" type="stmt"/>
        <line num="434" count="4" type="stmt"/>
        <line num="435" count="4" type="stmt"/>
        <line num="436" count="4" type="stmt"/>
        <line num="440" count="2" type="stmt"/>
        <line num="441" count="2" type="stmt"/>
        <line num="442" count="2" type="stmt"/>
        <line num="443" count="2" type="stmt"/>
        <line num="447" count="5" type="stmt"/>
        <line num="448" count="5" type="stmt"/>
        <line num="456" count="4" type="stmt"/>
        <line num="457" count="4" type="stmt"/>
        <line num="458" count="4" type="cond" truecount="2" falsecount="0"/>
        <line num="461" count="5" type="cond" truecount="2" falsecount="0"/>
        <line num="463" count="5" type="stmt"/>
        <line num="464" count="5" type="stmt"/>
        <line num="466" count="4" type="cond" truecount="2" falsecount="0"/>
        <line num="467" count="1" type="stmt"/>
        <line num="468" count="1" type="cond" truecount="1" falsecount="1"/>
        <line num="471" count="3" type="stmt"/>
        <line num="472" count="3" type="stmt"/>
        <line num="473" count="3" type="cond" truecount="4" falsecount="0"/>
        <line num="474" count="1" type="stmt"/>
        <line num="477" count="1" type="cond" truecount="1" falsecount="1"/>
        <line num="479" count="4" type="stmt"/>
        <line num="484" count="3" type="stmt"/>
        <line num="485" count="3" type="stmt"/>
        <line num="489" count="2" type="cond" truecount="1" falsecount="1"/>
        <line num="490" count="2" type="stmt"/>
        <line num="491" count="2" type="stmt"/>
        <line num="492" count="2" type="stmt"/>
        <line num="496" count="2" type="cond" truecount="1" falsecount="1"/>
        <line num="497" count="2" type="stmt"/>
        <line num="498" count="2" type="cond" truecount="2" falsecount="0"/>
        <line num="499" count="2" type="stmt"/>
        <line num="500" count="2" type="stmt"/>
        <line num="501" count="2" type="stmt"/>
        <line num="505" count="2" type="stmt"/>
        <line num="506" count="2" type="stmt"/>
        <line num="511" count="1" type="cond" truecount="1" falsecount="1"/>
        <line num="512" count="1" type="stmt"/>
        <line num="513" count="1" type="stmt"/>
        <line num="514" count="1" type="stmt"/>
        <line num="519" count="1" type="cond" truecount="1" falsecount="1"/>
        <line num="520" count="1" type="stmt"/>
        <line num="521" count="1" type="stmt"/>
        <line num="525" count="1" type="stmt"/>
        <line num="530" count="2" type="cond" truecount="3" falsecount="1"/>
        <line num="531" count="2" type="stmt"/>
        <line num="532" count="2" type="stmt"/>
        <line num="533" count="2" type="stmt"/>
        <line num="538" count="2" type="cond" truecount="1" falsecount="1"/>
        <line num="539" count="2" type="stmt"/>
        <line num="540" count="2" type="stmt"/>
        <line num="541" count="2" type="stmt"/>
        <line num="545" count="2" type="stmt"/>
        <line num="550" count="2" type="stmt"/>
        <line num="551" count="2" type="stmt"/>
        <line num="555" count="1" type="cond" truecount="3" falsecount="1"/>
        <line num="556" count="1" type="stmt"/>
        <line num="557" count="1" type="stmt"/>
        <line num="558" count="1" type="stmt"/>
        <line num="562" count="1" type="cond" truecount="1" falsecount="1"/>
        <line num="563" count="1" type="stmt"/>
        <line num="564" count="1" type="stmt"/>
        <line num="565" count="1" type="stmt"/>
        <line num="566" count="1" type="stmt"/>
        <line num="570" count="1" type="stmt"/>
        <line num="576" count="2" type="stmt"/>
        <line num="577" count="2" type="stmt"/>
        <line num="578" count="2" type="stmt"/>
        <line num="579" count="2" type="stmt"/>
        <line num="582" count="2" type="cond" truecount="2" falsecount="0"/>
        <line num="583" count="1" type="stmt"/>
        <line num="584" count="1" type="stmt"/>
        <line num="585" count="1" type="stmt"/>
        <line num="586" count="1" type="stmt"/>
        <line num="587" count="1" type="cond" truecount="1" falsecount="1"/>
        <line num="588" count="2" type="stmt"/>
        <line num="589" count="2" type="stmt"/>
        <line num="590" count="2" type="stmt"/>
        <line num="591" count="2" type="stmt"/>
        <line num="592" count="2" type="stmt"/>
        <line num="594" count="1" type="cond" truecount="1" falsecount="1"/>
        <line num="596" count="2" type="stmt"/>
        <line num="602" count="7" type="stmt"/>
        <line num="631" count="329" type="stmt"/>
        <line num="632" count="522" type="cond" truecount="2" falsecount="0"/>
        <line num="633" count="2" type="stmt"/>
        <line num="634" count="2" type="cond" truecount="2" falsecount="0"/>
        <line num="639" count="20" type="cond" truecount="2" falsecount="0"/>
        <line num="640" count="10" type="stmt"/>
        <line num="644" count="329" type="stmt"/>
        <line num="689" count="329" type="cond" truecount="2" falsecount="0"/>
        <line num="690" count="66" type="stmt"/>
        <line num="706" count="528" type="stmt"/>
        <line num="733" count="262" type="stmt"/>
        <line num="740" count="1" type="stmt"/>
        <line num="788" count="1" type="stmt"/>
        <line num="798" count="24" type="stmt"/>
        <line num="839" count="6" type="stmt"/>
        <line num="863" count="2" type="stmt"/>
        <line num="868" count="1" type="cond" truecount="2" falsecount="0"/>
        <line num="903" count="1" type="stmt"/>
        <line num="1060" count="87" type="cond" truecount="1" falsecount="1"/>
        <line num="1061" count="87" type="stmt"/>
        <line num="1062" count="87" type="stmt"/>
        <line num="1063" count="87" type="stmt"/>
        <line num="1068" count="14" type="stmt"/>
        <line num="1101" count="5" type="stmt"/>
        <line num="1108" count="2" type="stmt"/>
        <line num="1115" count="3" type="stmt"/>
        <line num="1139" count="42" type="stmt"/>
        <line num="1148" count="9" type="stmt"/>
        <line num="1150" count="20" type="stmt"/>
        <line num="1151" count="20" type="stmt"/>
        <line num="1168" count="1" type="stmt"/>
        <line num="1177" count="2" type="stmt"/>
        <line num="1178" count="2" type="stmt"/>
        <line num="1226" count="7" type="stmt"/>
        <line num="1236" count="6" type="stmt"/>
        <line num="1248" count="2" type="stmt"/>
        <line num="1260" count="2" type="stmt"/>
        <line num="1271" count="1" type="stmt"/>
        <line num="1283" count="2" type="stmt"/>
        <line num="1293" count="2" type="stmt"/>
        <line num="1306" count="4" type="cond" truecount="2" falsecount="0"/>
        <line num="1317" count="278" type="stmt"/>
        <line num="1326" count="1" type="stmt"/>
        <line num="1336" count="8" type="stmt"/>
        <line num="1347" count="1" type="stmt"/>
        <line num="1362" count="1" type="stmt"/>
        <line num="1381" count="1" type="stmt"/>
        <line num="1414" count="4" type="stmt"/>
        <line num="1420" count="1" type="stmt"/>
        <line num="1447" count="1" type="cond" truecount="1" falsecount="1"/>
        <line num="1479" count="1" type="stmt"/>
        <line num="1489" count="2" type="stmt"/>
        <line num="1496" count="1" type="stmt"/>
        <line num="1534" count="1" type="stmt"/>
        <line num="1539" count="521" type="stmt"/>
        <line num="1540" count="521" type="stmt"/>
        <line num="1557" count="1" type="stmt"/>
        <line num="1580" count="2" type="stmt"/>
        <line num="1584" count="1" type="cond" truecount="1" falsecount="1"/>
        <line num="1585" count="1" type="stmt"/>
        <line num="1586" count="1" type="stmt"/>
      </file>
      <file name="collections-page.tsx" path="/workspaces/GeekVault/src/web/src/features/collections/collections-page.tsx">
        <metrics statements="127" coveredstatements="115" conditionals="80" coveredconditionals="68" methods="31" coveredmethods="24"/>
        <line num="68" count="108" type="stmt"/>
        <line num="69" count="108" type="stmt"/>
        <line num="70" count="108" type="stmt"/>
        <line num="71" count="108" type="stmt"/>
        <line num="73" count="108" type="stmt"/>
        <line num="74" count="108" type="stmt"/>
        <line num="75" count="108" type="stmt"/>
        <line num="78" count="108" type="stmt"/>
        <line num="79" count="108" type="stmt"/>
        <line num="80" count="108" type="stmt"/>
        <line num="83" count="108" type="stmt"/>
        <line num="84" count="108" type="stmt"/>
        <line num="85" count="108" type="stmt"/>
        <line num="86" count="108" type="stmt"/>
        <line num="87" count="108" type="stmt"/>
        <line num="88" count="108" type="stmt"/>
        <line num="89" count="108" type="stmt"/>
        <line num="90" count="108" type="stmt"/>
        <line num="91" count="108" type="stmt"/>
        <line num="94" count="108" type="stmt"/>
        <line num="95" count="108" type="stmt"/>
        <line num="98" count="108" type="stmt"/>
        <line num="100" count="108" type="stmt"/>
        <line num="106" count="34" type="stmt"/>
        <line num="107" count="34" type="stmt"/>
        <line num="108" count="33" type="cond" truecount="2" falsecount="0"/>
        <line num="109" count="32" type="stmt"/>
        <line num="110" count="32" type="stmt"/>
        <line num="112" count="1" type="stmt"/>
        <line num="114" count="33" type="stmt"/>
        <line num="119" count="28" type="stmt"/>
        <line num="120" count="28" type="stmt"/>
        <line num="121" count="27" type="cond" truecount="1" falsecount="1"/>
        <line num="122" count="27" type="stmt"/>
        <line num="123" count="27" type="stmt"/>
        <line num="129" count="108" type="stmt"/>
        <line num="130" count="28" type="stmt"/>
        <line num="131" count="28" type="stmt"/>
        <line num="135" count="108" type="stmt"/>
        <line num="136" count="55" type="cond" truecount="3" falsecount="1"/>
        <line num="137" count="0" type="stmt"/>
        <line num="138" count="0" type="stmt"/>
        <line num="143" count="108" type="stmt"/>
        <line num="145" count="149" type="cond" truecount="1" falsecount="1"/>
        <line num="148" count="149" type="cond" truecount="1" falsecount="1"/>
        <line num="149" count="149" type="cond" truecount="2" falsecount="0"/>
        <line num="153" count="11" type="stmt"/>
        <line num="154" count="11" type="stmt"/>
        <line num="155" count="11" type="stmt"/>
        <line num="156" count="11" type="cond" truecount="2" falsecount="0"/>
        <line num="157" count="11" type="stmt"/>
        <line num="158" count="11" type="stmt"/>
        <line num="159" count="11" type="stmt"/>
        <line num="160" count="11" type="stmt"/>
        <line num="164" count="2" type="stmt"/>
        <line num="165" count="2" type="stmt"/>
        <line num="166" count="2" type="stmt"/>
        <line num="167" count="2" type="stmt"/>
        <line num="168" count="2" type="stmt"/>
        <line num="169" count="2" type="stmt"/>
        <line num="170" count="2" type="stmt"/>
        <line num="171" count="2" type="stmt"/>
        <line num="175" count="8" type="stmt"/>
        <line num="176" count="8" type="stmt"/>
        <line num="178" count="8" type="cond" truecount="2" falsecount="0"/>
        <line num="179" count="1" type="stmt"/>
        <line num="180" count="1" type="stmt"/>
        <line num="183" count="7" type="cond" truecount="2" falsecount="0"/>
        <line num="184" count="1" type="stmt"/>
        <line num="185" count="1" type="stmt"/>
        <line num="188" count="6" type="stmt"/>
        <line num="189" count="6" type="stmt"/>
        <line num="190" count="6" type="stmt"/>
        <line num="201" count="8" type="cond" truecount="2" falsecount="0"/>
        <line num="203" count="8" type="stmt"/>
        <line num="209" count="6" type="cond" truecount="2" falsecount="0"/>
        <line num="210" count="2" type="stmt"/>
        <line num="211" count="2" type="cond" truecount="2" falsecount="0"/>
        <line num="214" count="4" type="stmt"/>
        <line num="217" count="4" type="cond" truecount="2" falsecount="0"/>
        <line num="218" count="1" type="cond" truecount="2" falsecount="0"/>
        <line num="219" count="1" type="stmt"/>
        <line num="220" count="1" type="stmt"/>
        <line num="221" count="1" type="stmt"/>
        <line num="228" count="4" type="stmt"/>
        <line num="229" count="4" type="stmt"/>
        <line num="234" count="8" type="stmt"/>
        <line num="236" count="2" type="stmt"/>
        <line num="240" count="6" type="stmt"/>
        <line num="245" count="3" type="cond" truecount="1" falsecount="1"/>
        <line num="246" count="3" type="stmt"/>
        <line num="247" count="3" type="stmt"/>
        <line num="248" count="3" type="stmt"/>
        <line num="252" count="3" type="cond" truecount="2" falsecount="0"/>
        <line num="253" count="2" type="stmt"/>
        <line num="254" count="2" type="stmt"/>
        <line num="255" count="2" type="stmt"/>
        <line num="257" count="1" type="stmt"/>
        <line num="259" count="3" type="stmt"/>
        <line num="264" count="0" type="stmt"/>
        <line num="265" count="0" type="stmt"/>
        <line num="266" count="0" type="cond" truecount="0" falsecount="4"/>
        <line num="267" count="0" type="stmt"/>
        <line num="271" count="108" type="cond" truecount="2" falsecount="0"/>
        <line num="272" count="28" type="stmt"/>
        <line num="280" count="168" type="stmt"/>
        <line num="296" count="80" type="stmt"/>
        <line num="328" count="0" type="stmt"/>
        <line num="342" count="148" type="stmt"/>
        <line num="359" count="149" type="stmt"/>
        <line num="364" count="0" type="stmt"/>
        <line num="385" count="1" type="stmt"/>
        <line num="401" count="0" type="stmt"/>
        <line num="424" count="2" type="stmt"/>
        <line num="425" count="2" type="stmt"/>
        <line num="434" count="6" type="stmt"/>
        <line num="435" count="6" type="stmt"/>
        <line num="460" count="0" type="stmt"/>
        <line num="502" count="7" type="stmt"/>
        <line num="515" count="1" type="stmt"/>
        <line num="525" count="5" type="cond" truecount="1" falsecount="1"/>
        <line num="533" count="150" type="stmt"/>
        <line num="547" count="0" type="stmt"/>
        <line num="548" count="0" type="stmt"/>
        <line num="567" count="3" type="cond" truecount="2" falsecount="0"/>
        <line num="578" count="1" type="stmt"/>
        <line num="601" count="2" type="cond" truecount="2" falsecount="0"/>
      </file>
    </package>
    <package name="src.features.collections.components">
      <metrics statements="75" coveredstatements="74" conditionals="63" coveredconditionals="55" methods="19" coveredmethods="16"/>
      <file name="import-wizard.tsx" path="/workspaces/GeekVault/src/web/src/features/collections/components/import-wizard.tsx">
        <metrics statements="75" coveredstatements="74" conditionals="63" coveredconditionals="55" methods="19" coveredmethods="16"/>
        <line num="37" count="46" type="stmt"/>
        <line num="38" count="46" type="stmt"/>
        <line num="40" count="46" type="stmt"/>
        <line num="41" count="46" type="stmt"/>
        <line num="42" count="46" type="stmt"/>
        <line num="43" count="46" type="stmt"/>
        <line num="44" count="46" type="stmt"/>
        <line num="45" count="46" type="stmt"/>
        <line num="46" count="46" type="stmt"/>
        <line num="49" count="2" type="stmt"/>
        <line num="50" count="2" type="stmt"/>
        <line num="51" count="2" type="stmt"/>
        <line num="52" count="2" type="stmt"/>
        <line num="53" count="2" type="stmt"/>
        <line num="54" count="2" type="stmt"/>
        <line num="55" count="2" type="stmt"/>
        <line num="59" count="2" type="cond" truecount="1" falsecount="1"/>
        <line num="60" count="2" type="stmt"/>
        <line num="63" count="46" type="stmt"/>
        <line num="64" count="2" type="stmt"/>
        <line num="65" count="2" type="stmt"/>
        <line num="66" count="2" type="stmt"/>
        <line num="69" count="46" type="stmt"/>
        <line num="70" count="1" type="stmt"/>
        <line num="71" count="1" type="stmt"/>
        <line num="72" count="1" type="stmt"/>
        <line num="75" count="46" type="stmt"/>
        <line num="76" count="2" type="stmt"/>
        <line num="77" count="2" type="stmt"/>
        <line num="78" count="2" type="stmt"/>
        <line num="79" count="2" type="stmt"/>
        <line num="80" count="2" type="cond" truecount="4" falsecount="0"/>
        <line num="81" count="1" type="stmt"/>
        <line num="83" count="1" type="stmt"/>
        <line num="88" count="7" type="cond" truecount="1" falsecount="1"/>
        <line num="89" count="7" type="stmt"/>
        <line num="93" count="6" type="cond" truecount="1" falsecount="1"/>
        <line num="94" count="6" type="stmt"/>
        <line num="95" count="6" type="stmt"/>
        <line num="96" count="6" type="stmt"/>
        <line num="97" count="6" type="stmt"/>
        <line num="98" count="6" type="stmt"/>
        <line num="103" count="6" type="cond" truecount="2" falsecount="0"/>
        <line num="104" count="1" type="stmt"/>
        <line num="105" count="1" type="cond" truecount="1" falsecount="1"/>
        <line num="107" count="5" type="stmt"/>
        <line num="108" count="5" type="stmt"/>
        <line num="109" count="5" type="stmt"/>
        <line num="111" count="1" type="cond" truecount="1" falsecount="1"/>
        <line num="113" count="6" type="stmt"/>
        <line num="118" count="3" type="cond" truecount="1" falsecount="1"/>
        <line num="119" count="3" type="stmt"/>
        <line num="120" count="3" type="stmt"/>
        <line num="121" count="3" type="stmt"/>
        <line num="122" count="3" type="stmt"/>
        <line num="123" count="3" type="stmt"/>
        <line num="128" count="3" type="cond" truecount="2" falsecount="0"/>
        <line num="129" count="1" type="stmt"/>
        <line num="130" count="1" type="cond" truecount="1" falsecount="1"/>
        <line num="132" count="2" type="stmt"/>
        <line num="133" count="2" type="stmt"/>
        <line num="134" count="2" type="stmt"/>
        <line num="135" count="2" type="stmt"/>
        <line num="137" count="1" type="cond" truecount="1" falsecount="1"/>
        <line num="139" count="3" type="stmt"/>
        <line num="143" count="46" type="stmt"/>
        <line num="149" count="46" type="stmt"/>
        <line num="160" count="138" type="stmt"/>
        <line num="199" count="0" type="stmt"/>
        <line num="242" count="1" type="stmt"/>
        <line num="278" count="10" type="stmt"/>
        <line num="287" count="10" type="stmt"/>
        <line num="293" count="12" type="stmt"/>
        <line num="309" count="1" type="stmt"/>
        <line num="334" count="1" type="stmt"/>
      </file>
    </package>
    <package name="src.features.dashboard">
      <metrics statements="17" coveredstatements="17" conditionals="25" coveredconditionals="24" methods="7" coveredmethods="7"/>
      <file name="dashboard-page.tsx" path="/workspaces/GeekVault/src/web/src/features/dashboard/dashboard-page.tsx">
        <metrics statements="17" coveredstatements="17" conditionals="25" coveredconditionals="24" methods="7" coveredmethods="7"/>
        <line num="47" count="23" type="stmt"/>
        <line num="48" count="23" type="stmt"/>
        <line num="49" count="23" type="stmt"/>
        <line num="50" count="23" type="stmt"/>
        <line num="51" count="23" type="stmt"/>
        <line num="53" count="23" type="stmt"/>
        <line num="54" count="23" type="stmt"/>
        <line num="55" count="23" type="stmt"/>
        <line num="57" count="11" type="cond" truecount="2" falsecount="0"/>
[...]
        <line num="55" count="9" type="cond" truecount="2" falsecount="0"/>
        <line num="57" count="7" type="stmt"/>
        <line num="74" count="1" type="stmt"/>
        <line num="77" count="14" type="stmt"/>
      </file>
      <file name="collection-summaries.tsx" path="/workspaces/GeekVault/src/web/src/features/dashboard/components/collection-summaries.tsx">
        <metrics statements="9" coveredstatements="9" conditionals="4" coveredconditionals="4" methods="4" coveredmethods="4"/>
        <line num="29" count="21" type="stmt"/>
        <line num="30" count="21" type="stmt"/>
        <line num="32" count="21" type="cond" truecount="2" falsecount="0"/>
        <line num="33" count="12" type="stmt"/>
        <line num="38" count="36" type="stmt"/>
        <line num="49" count="9" type="cond" truecount="2" falsecount="0"/>
        <line num="51" count="7" type="stmt"/>
        <line num="56" count="7" type="stmt"/>
        <line num="59" count="1" type="stmt"/>
      </file>
      <file name="recent-acquisitions.tsx" path="/workspaces/GeekVault/src/web/src/features/dashboard/components/recent-acquisitions.tsx">
        <metrics statements="21" coveredstatements="21" conditionals="19" coveredconditionals="19" methods="10" coveredmethods="10"/>
        <line num="20" count="1" type="stmt"/>
        <line num="21" count="49" type="cond" truecount="7" falsecount="0"/>
        <line num="23" count="7" type="stmt"/>
        <line num="26" count="14" type="stmt"/>
        <line num="28" count="7" type="stmt"/>
        <line num="30" count="7" type="stmt"/>
        <line num="32" count="7" type="stmt"/>
        <line num="34" count="7" type="stmt"/>
        <line num="38" count="1" type="stmt"/>
        <line num="39" count="98" type="cond" truecount="2" falsecount="0"/>
        <line num="44" count="21" type="stmt"/>
        <line num="46" count="21" type="cond" truecount="4" falsecount="0"/>
        <line num="48" count="19" type="stmt"/>
        <line num="52" count="49" type="stmt"/>
        <line num="58" count="49" type="stmt"/>
        <line num="65" count="49" type="stmt"/>
        <line num="69" count="49" type="stmt"/>
        <line num="74" count="49" type="cond" truecount="2" falsecount="0"/>
        <line num="80" count="49" type="cond" truecount="2" falsecount="0"/>
        <line num="84" count="19" type="stmt"/>
        <line num="90" count="60" type="stmt"/>
      </file>
      <file name="stats-row.tsx" path="/workspaces/GeekVault/src/web/src/features/dashboard/components/stats-row.tsx">
        <metrics statements="9" coveredstatements="9" conditionals="2" coveredconditionals="2" methods="4" coveredmethods="4"/>
        <line num="15" count="1" type="stmt"/>
        <line num="16" count="18" type="stmt"/>
        <line num="26" count="21" type="stmt"/>
        <line num="28" count="21" type="cond" truecount="2" falsecount="0"/>
        <line num="29" count="12" type="stmt"/>
        <line num="32" count="60" type="stmt"/>
        <line num="46" count="9" type="stmt"/>
        <line num="74" count="9" type="stmt"/>
        <line num="77" count="45" type="stmt"/>
      </file>
    </package>
    <package name="src.features.profile">
      <metrics statements="64" coveredstatements="64" conditionals="40" coveredconditionals="40" methods="14" coveredmethods="14"/>
      <file name="profile-page.tsx" path="/workspaces/GeekVault/src/web/src/features/profile/profile-page.tsx">
        <metrics statements="64" coveredstatements="64" conditionals="40" coveredconditionals="40" methods="14" coveredmethods="14"/>
        <line num="39" count="47" type="stmt"/>
        <line num="40" count="47" type="stmt"/>
        <line num="41" count="47" type="stmt"/>
        <line num="43" count="47" type="stmt"/>
        <line num="44" count="47" type="stmt"/>
        <line num="46" count="47" type="stmt"/>
        <line num="47" count="47" type="stmt"/>
        <line num="48" count="47" type="stmt"/>
        <line num="49" count="47" type="stmt"/>
        <line num="50" count="47" type="stmt"/>
        <line num="52" count="47" type="stmt"/>
        <line num="53" count="47" type="stmt"/>
        <line num="54" count="47" type="stmt"/>
        <line num="56" count="47" type="stmt"/>
        <line num="61" count="47" type="stmt"/>
        <line num="62" count="17" type="stmt"/>
        <line num="64" count="16" type="cond" truecount="2" falsecount="0"/>
        <line num="65" count="15" type="stmt"/>
        <line num="68" count="15" type="stmt"/>
        <line num="69" count="15" type="cond" truecount="2" falsecount="0"/>
        <line num="70" count="15" type="cond" truecount="2" falsecount="0"/>
        <line num="71" count="15" type="cond" truecount="2" falsecount="0"/>
        <line num="72" count="15" type="cond" truecount="2" falsecount="0"/>
        <line num="73" count="15" type="cond" truecount="2" falsecount="0"/>
        <line num="75" count="1" type="stmt"/>
        <line num="76" count="16" type="stmt"/>
        <line num="80" count="3" type="stmt"/>
        <line num="81" count="3" type="stmt"/>
        <line num="83" count="3" type="stmt"/>
        <line num="84" count="3" type="stmt"/>
        <line num="95" count="3" type="cond" truecount="2" falsecount="0"/>
        <line num="97" count="2" type="stmt"/>
        <line num="98" count="2" type="stmt"/>
        <line num="101" count="2" type="cond" truecount="4" falsecount="0"/>
        <line num="102" count="1" type="stmt"/>
        <line num="105" count="2" type="stmt"/>
        <line num="107" count="1" type="stmt"/>
        <line num="109" count="3" type="stmt"/>
        <line num="114" count="3" type="stmt"/>
        <line num="115" count="3" type="cond" truecount="2" falsecount="0"/>
        <line num="118" count="2" type="stmt"/>
        <line num="119" count="2" type="stmt"/>
        <line num="120" count="2" type="stmt"/>
        <line num="122" count="2" type="stmt"/>
        <line num="124" count="2" type="stmt"/>
        <line num="125" count="2" type="stmt"/>
        <line num="126" count="2" type="stmt"/>
        <line num="128" count="2" type="stmt"/>
        <line num="134" count="2" type="cond" truecount="2" falsecount="0"/>
        <line num="136" count="1" type="stmt"/>
        <line num="137" count="1" type="stmt"/>
        <line num="138" count="1" type="stmt"/>
        <line num="140" count="1" type="stmt"/>
        <line num="141" count="1" type="cond" truecount="2" falsecount="0"/>
        <line num="143" count="2" type="stmt"/>
        <line num="147" count="47" type="cond" truecount="2" falsecount="0"/>
        <line num="148" count="17" type="stmt"/>
        <line num="178" count="30" type="stmt"/>
        <line num="184" count="30" type="stmt"/>
        <line num="198" count="1" type="cond" truecount="2" falsecount="0"/>
        <line num="254" count="1" type="stmt"/>
        <line num="273" count="1" type="stmt"/>
        <line num="339" count="90" type="stmt"/>
        <line num="342" count="1" type="stmt"/>
      </file>
    </package>
    <package name="src.features.wishlist">
      <metrics statements="151" coveredstatements="151" conditionals="100" coveredconditionals="89" methods="41" coveredmethods="39"/>
      <file name="wishlist-page.tsx" path="/workspaces/GeekVault/src/web/src/features/wishlist/wishlist-page.tsx">
        <metrics statements="151" coveredstatements="151" conditionals="100" coveredconditionals="89" methods="41" coveredmethods="39"/>
        <line num="84" count="334" type="cond" truecount="2" falsecount="0"/>
        <line num="85" count="222" type="cond" truecount="2" falsecount="0"/>
        <line num="86" count="111" type="stmt"/>
        <line num="90" count="334" type="cond" truecount="2" falsecount="0"/>
        <line num="91" count="222" type="cond" truecount="2" falsecount="0"/>
        <line num="92" count="111" type="stmt"/>
        <line num="96" count="68" type="stmt"/>
        <line num="104" count="408" type="stmt"/>
        <line num="119" count="185" type="stmt"/>
        <line num="120" count="185" type="stmt"/>
        <line num="122" count="185" type="stmt"/>
        <line num="123" count="185" type="stmt"/>
        <line num="126" count="185" type="stmt"/>
        <line num="127" count="185" type="stmt"/>
        <line num="130" count="185" type="stmt"/>
        <line num="133" count="185" type="stmt"/>
        <line num="134" count="185" type="stmt"/>
        <line num="135" count="185" type="stmt"/>
        <line num="136" count="185" type="stmt"/>
        <line num="137" count="185" type="stmt"/>
        <line num="138" count="185" type="stmt"/>
        <line num="139" count="185" type="stmt"/>
        <line num="140" count="185" type="stmt"/>
        <line num="141" count="185" type="stmt"/>
        <line num="142" count="185" type="stmt"/>
        <line num="145" count="185" type="stmt"/>
        <line num="146" count="185" type="stmt"/>
        <line num="149" count="185" type="stmt"/>
        <line num="150" count="185" type="stmt"/>
        <line num="153" count="185" type="stmt"/>
        <line num="155" count="185" type="stmt"/>
        <line num="161" count="37" type="stmt"/>
        <line num="162" count="37" type="stmt"/>
        <line num="163" count="36" type="cond" truecount="2" falsecount="0"/>
        <line num="164" count="35" type="stmt"/>
        <line num="165" count="35" type="stmt"/>
        <line num="167" count="35" type="stmt"/>
        <line num="168" count="35" type="stmt"/>
        <line num="169" count="68" type="stmt"/>
        <line num="170" count="68" type="cond" truecount="1" falsecount="1"/>
        <line num="171" count="68" type="stmt"/>
        <line num="172" count="68" type="cond" truecount="2" falsecount="0"/>
        <line num="173" count="32" type="stmt"/>
        <line num="176" count="35" type="stmt"/>
        <line num="178" count="35" type="stmt"/>
        <line num="180" count="1" type="stmt"/>
        <line num="182" count="36" type="stmt"/>
        <line num="186" count="185" type="stmt"/>
        <line num="187" count="34" type="stmt"/>
        <line num="191" count="185" type="stmt"/>
        <line num="192" count="71" type="stmt"/>
        <line num="194" count="34" type="stmt"/>
        <line num="197" count="34" type="cond" truecount="2" falsecount="0"/>
        <line num="198" count="33" type="cond" truecount="1" falsecount="1"/>
        <line num="199" count="33" type="cond" truecount="1" falsecount="1"/>
        <line num="202" count="34" type="stmt"/>
        <line num="203" count="68" type="cond" truecount="2" falsecount="0"/>
        <line num="204" count="4" type="cond" truecount="1" falsecount="5"/>
        <line num="205" count="4" type="cond" truecount="1" falsecount="1"/>
        <line num="210" count="34" type="stmt"/>
        <line num="212" count="34" type="stmt"/>
        <line num="216" count="2" type="stmt"/>
        <line num="217" count="2" type="stmt"/>
        <line num="218" count="2" type="cond" truecount="2" falsecount="0"/>
        <line num="219" count="1" type="stmt"/>
        <line num="220" count="2" type="stmt"/>
        <line num="225" count="14" type="stmt"/>
        <line num="226" count="14" type="cond" truecount="1" falsecount="1"/>
        <line num="227" count="14" type="stmt"/>
        <line num="228" count="14" type="stmt"/>
        <line num="229" count="14" type="stmt"/>
        <line num="230" count="14" type="stmt"/>
        <line num="231" count="14" type="stmt"/>
        <line num="232" count="14" type="stmt"/>
        <line num="233" count="14" type="stmt"/>
        <line num="234" count="14" type="stmt"/>
        <line num="235" count="14" type="stmt"/>
        <line num="239" count="3" type="stmt"/>
        <line num="240" count="3" type="stmt"/>
        <line num="241" count="3" type="stmt"/>
        <line num="242" count="3" type="stmt"/>
        <line num="243" count="3" type="cond" truecount="2" falsecount="0"/>
        <line num="244" count="3" type="cond" truecount="2" falsecount="0"/>
        <line num="245" count="3" type="stmt"/>
        <line num="246" count="3" type="stmt"/>
        <line num="247" count="3" type="stmt"/>
        <line num="248" count="3" type="stmt"/>
        <line num="249" count="3" type="stmt"/>
        <line num="272" count="185" type="stmt"/>
        <line num="273" count="61" type="stmt"/>
        <line num="274" count="61" type="cond" truecount="4" falsecount="0"/>
        <line num="275" count="57" type="stmt"/>
        <line num="276" count="57" type="stmt"/>
        <line num="278" count="4" type="stmt"/>
        <line num="279" count="2" type="stmt"/>
        <line num="281" count="4" type="stmt"/>
        <line num="285" count="5" type="stmt"/>
        <line num="286" count="5" type="stmt"/>
        <line num="288" count="5" type="cond" truecount="2" falsecount="0"/>
        <line num="289" count="1" type="stmt"/>
        <line num="290" count="1" type="stmt"/>
        <line num="293" count="4" type="cond" truecount="2" falsecount="0"/>
        <line num="294" count="1" type="stmt"/>
        <line num="295" count="1" type="stmt"/>
        <line num="298" count="3" type="stmt"/>
        <line num="299" count="3" type="stmt"/>
        <line num="300" count="3" type="cond" truecount="2" falsecount="0"/>
        <line num="302" count="5" type="stmt"/>
        <line num="310" count="5" type="cond" truecount="2" falsecount="0"/>
        <line num="313" count="5" type="cond" truecount="2" falsecount="0"/>
        <line num="315" count="5" type="stmt"/>
        <line num="321" count="3" type="cond" truecount="2" falsecount="0"/>
        <line num="322" count="1" type="stmt"/>
        <line num="325" count="2" type="stmt"/>
        <line num="326" count="2" type="cond" truecount="2" falsecount="0"/>
        <line num="327" count="5" type="stmt"/>
        <line num="328" count="5" type="stmt"/>
        <line num="343" count="2" type="stmt"/>
        <line num="344" count="2" type="stmt"/>
        <line num="345" count="2" type="stmt"/>
        <line num="349" count="2" type="cond" truecount="2" falsecount="0"/>
        <line num="350" count="1" type="stmt"/>
        <line num="351" count="1" type="stmt"/>
        <line num="352" count="1" type="stmt"/>
        <line num="353" count="1" type="stmt"/>
        <line num="355" count="1" type="stmt"/>
        <line num="357" count="2" type="stmt"/>
        <line num="385" count="185" type="cond" truecount="2" falsecount="0"/>
        <line num="386" count="68" type="stmt"/>
        <line num="404" count="117" type="stmt"/>
        <line num="406" count="117" type="stmt"/>
        <line num="435" count="1" type="stmt"/>
        <line num="447" count="1" type="stmt"/>
        <line num="466" count="113" type="stmt"/>
        <line num="467" count="113" type="stmt"/>
        <line num="471" count="2" type="stmt"/>
        <line num="627" count="4" type="cond" truecount="2" falsecount="0"/>
        <line num="634" count="214" type="stmt"/>
        <line num="648" count="3" type="stmt"/>
        <line num="659" count="2" type="stmt"/>
        <line num="679" count="1" type="stmt"/>
        <line num="691" count="1" type="stmt"/>
        <line num="709" count="1" type="stmt"/>
        <line num="718" count="6" type="stmt"/>
        <line num="725" count="3" type="stmt"/>
        <line num="730" count="1" type="stmt"/>
        <line num="731" count="1" type="cond" truecount="2" falsecount="0"/>
        <line num="732" count="1" type="stmt"/>
        <line num="733" count="1" type="stmt"/>
        <line num="754" count="1" type="stmt"/>
        <line num="775" count="2" type="cond" truecount="2" falsecount="0"/>
      </file>
    </package>
    <package name="src.hooks">
      <metrics statements="14" coveredstatements="14" conditionals="0" coveredconditionals="0" methods="9" coveredmethods="9"/>
      <file name="use-debounce.ts" path="/workspaces/GeekVault/src/web/src/hooks/use-debounce.ts">
        <metrics statements="5" coveredstatements="5" conditionals="0" coveredconditionals="0" methods="4" coveredmethods="4"/>
        <line num="4" count="8" type="stmt"/>
        <line num="6" count="8" type="stmt"/>
        <line num="7" count="6" type="stmt"/>
        <line num="8" count="6" type="stmt"/>
        <line num="11" count="8" type="stmt"/>
      </file>
      <file name="use-media-query.ts" path="/workspaces/GeekVault/src/web/src/hooks/use-media-query.ts">
        <metrics statements="9" coveredstatements="9" conditionals="0" coveredconditionals="0" methods="5" coveredmethods="5"/>
        <line num="4" count="4" type="stmt"/>
        <line num="7" count="3" type="stmt"/>
        <line num="10" count="4" type="stmt"/>
        <line num="11" count="3" type="stmt"/>
        <line num="12" count="3" type="stmt"/>
        <line num="14" count="3" type="stmt"/>
        <line num="15" count="3" type="stmt"/>
        <line num="16" count="3" type="stmt"/>
        <line num="19" count="4" type="stmt"/>
      </file>
    </package>
    <package name="src.i18n">
      <metrics statements="4" coveredstatements="4" conditionals="2" coveredconditionals="2" methods="1" coveredmethods="1"/>
      <file name="index.ts" path="/workspaces/GeekVault/src/web/src/i18n/index.ts">
        <metrics statements="4" coveredstatements="4" conditionals="2" coveredconditionals="2" methods="1" coveredmethods="1"/>
        <line num="6" count="1" type="stmt"/>
        <line num="8" count="1" type="stmt"/>
        <line num="20" count="1" type="stmt"/>
        <line num="21" count="2" type="stmt"/>
      </file>
    </package>
    <package name="src.lib">
      <metrics statements="22" coveredstatements="22" conditionals="19" coveredconditionals="19" methods="3" coveredmethods="3"/>
      <file name="api.ts" path="/workspaces/GeekVault/src/web/src/lib/api.ts">
        <metrics statements="21" coveredstatements="21" conditionals="19" coveredconditionals="19" methods="2" coveredmethods="2"/>
        <line num="1" count="1" type="stmt"/>
        <line num="8" count="3" type="stmt"/>
        <line num="9" count="3" type="stmt"/>
        <line num="10" count="3" type="stmt"/>
        <line num="11" count="3" type="stmt"/>
        <line num="23" count="11" type="stmt"/>
        <line num="24" count="11" type="stmt"/>
        <line num="26" count="11" type="stmt"/>
        <line num="30" count="11" type="cond" truecount="2" falsecount="0"/>
        <line num="31" count="1" type="stmt"/>
        <line num="34" count="11" type="cond" truecount="4" falsecount="0"/>
        <line num="35" count="1" type="stmt"/>
        <line num="38" count="11" type="cond" truecount="2" falsecount="0"/>
        <line num="44" count="10" type="cond" truecount="2" falsecount="0"/>
        <line num="46" count="3" type="stmt"/>
        <line num="47" count="3" type="stmt"/>
        <line num="51" count="3" type="stmt"/>
        <line num="58" count="7" type="stmt"/>
        <line num="59" count="7" type="cond" truecount="2" falsecount="0"/>
        <line num="60" count="6" type="stmt"/>
        <line num="63" count="1" type="stmt"/>
      </file>
      <file name="utils.ts" path="/workspaces/GeekVault/src/web/src/lib/utils.ts">
        <metrics statements="1" coveredstatements="1" conditionals="0" coveredconditionals="0" methods="1" coveredmethods="1"/>
        <line num="5" count="31197" type="stmt"/>
      </file>
    </package>
    <package name="src.pages">
      <metrics statements="2" coveredstatements="2" conditionals="0" coveredconditionals="0" methods="1" coveredmethods="1"/>
      <file name="Home.tsx" path="/workspaces/GeekVault/src/web/src/pages/Home.tsx">
        <metrics statements="2" coveredstatements="2" conditionals="0" coveredconditionals="0" methods="1" coveredmethods="1"/>
        <line num="4" count="1" type="stmt"/>
        <line num="6" count="1" type="stmt"/>
      </file>
    </package>
  </project>
</coverage>
