<?xml version="1.0" encoding="UTF-8"?>
<coverage generated="1773538721931" clover="3.2.0">
  <project timestamp="1773538721932" name="All files">
    <metrics statements="1248" coveredstatements="1239" conditionals="869" coveredconditionals="793" methods="328" coveredmethods="320" elements="2445" coveredelements="2352" complexity="0" loc="1248" ncloc="1248" packages="6" files="22" classes="22"/>
    <package name="src">
      <metrics statements="13" coveredstatements="13" conditionals="8" coveredconditionals="8" methods="3" coveredmethods="3"/>
      <file name="App.tsx" path="/workspaces/GeekVault/src/web/src/App.tsx">
        <metrics statements="13" coveredstatements="13" conditionals="8" coveredconditionals="8" methods="3" coveredmethods="3"/>
        <line num="15" count="5" type="stmt"/>
        <line num="17" count="5" type="cond" truecount="2" falsecount="0"/>
        <line num="18" count="1" type="stmt"/>
        <line num="25" count="4" type="cond" truecount="2" falsecount="0"/>
        <line num="26" count="1" type="stmt"/>
        <line num="29" count="3" type="stmt"/>
        <line num="33" count="5" type="stmt"/>
        <line num="35" count="5" type="cond" truecount="2" falsecount="0"/>
        <line num="36" count="1" type="stmt"/>
        <line num="43" count="4" type="cond" truecount="2" falsecount="0"/>
        <line num="44" count="1" type="stmt"/>
        <line num="47" count="3" type="stmt"/>
        <line num="51" count="8" type="stmt"/>
      </file>
    </package>
    <package name="src.components">
      <metrics statements="88" coveredstatements="87" conditionals="39" coveredconditionals="38" methods="32" coveredmethods="31"/>
      <file name="app-layout.tsx" path="/workspaces/GeekVault/src/web/src/components/app-layout.tsx">
        <metrics statements="23" coveredstatements="23" conditionals="10" coveredconditionals="10" methods="11" coveredmethods="11"/>
        <line num="22" count="1" type="stmt"/>
        <line num="31" count="13" type="stmt"/>
        <line num="32" count="13" type="stmt"/>
        <line num="35" count="65" type="stmt"/>
        <line num="40" count="70" type="stmt"/>
        <line num="58" count="11" type="stmt"/>
        <line num="59" count="11" type="stmt"/>
        <line num="61" count="11" type="stmt"/>
        <line num="65" count="2" type="cond" truecount="2" falsecount="0"/>
        <line num="75" count="11" type="stmt"/>
        <line num="77" count="11" type="stmt"/>
        <line num="78" count="2" type="cond" truecount="2" falsecount="0"/>
        <line num="81" count="11" type="stmt"/>
        <line num="95" count="13" type="stmt"/>
        <line num="96" count="13" type="stmt"/>
        <line num="97" count="13" type="stmt"/>
        <line num="99" count="13" type="stmt"/>
        <line num="100" count="1" type="stmt"/>
        <line num="101" count="1" type="stmt"/>
        <line num="104" count="13" type="stmt"/>
        <line num="116" count="11" type="stmt"/>
        <line num="118" count="11" type="stmt"/>
        <line num="154" count="1" type="stmt"/>
      </file>
      <file name="auth-provider.tsx" path="/workspaces/GeekVault/src/web/src/components/auth-provider.tsx">
        <metrics statements="46" coveredstatements="46" conditionals="19" coveredconditionals="19" methods="15" coveredmethods="14"/>
        <line num="18" count="1" type="stmt"/>
        <line num="20" count="1" type="stmt"/>
        <line num="23" count="31" type="stmt"/>
        <line num="24" count="31" type="stmt"/>
        <line num="25" count="31" type="stmt"/>
        <line num="27" count="31" type="stmt"/>
        <line num="28" count="3" type="stmt"/>
        <line num="29" count="3" type="stmt"/>
        <line num="30" count="3" type="stmt"/>
        <line num="33" count="31" type="stmt"/>
        <line num="34" count="16" type="cond" truecount="2" falsecount="0"/>
        <line num="35" count="10" type="stmt"/>
        <line num="36" count="10" type="stmt"/>
        <line num="39" count="6" type="stmt"/>
        <line num="43" count="6" type="cond" truecount="2" falsecount="0"/>
        <line num="44" count="5" type="stmt"/>
        <line num="47" count="5" type="cond" truecount="2" falsecount="0"/>
        <line num="50" count="1" type="stmt"/>
        <line num="53" count="6" type="stmt"/>
        <line num="57" count="31" type="stmt"/>
        <line num="58" count="3" type="stmt"/>
        <line num="64" count="3" type="cond" truecount="2" falsecount="0"/>
        <line num="65" count="2" type="stmt"/>
        <line num="66" count="2" type="cond" truecount="2" falsecount="0"/>
        <line num="69" count="1" type="stmt"/>
        <line num="70" count="1" type="stmt"/>
        <line num="71" count="1" type="stmt"/>
        <line num="72" count="1" type="stmt"/>
        <line num="75" count="31" type="stmt"/>
        <line num="76" count="3" type="stmt"/>
        <line num="82" count="3" type="cond" truecount="2" falsecount="0"/>
        <line num="83" count="2" type="stmt"/>
        <line num="84" count="2" type="cond" truecount="3" falsecount="0"/>
        <line num="87" count="1" type="stmt"/>
        <line num="88" count="1" type="stmt"/>
        <line num="89" count="1" type="stmt"/>
        <line num="90" count="1" type="stmt"/>
        <line num="93" count="31" type="stmt"/>
        <line num="94" count="2" type="cond" truecount="2" falsecount="0"/>
        <line num="95" count="1" type="stmt"/>
        <line num="100" count="2" type="stmt"/>
        <line num="103" count="31" type="stmt"/>
        <line num="111" count="32" type="stmt"/>
        <line num="112" count="32" type="cond" truecount="2" falsecount="0"/>
        <line num="113" count="2" type="stmt"/>
        <line num="115" count="29" type="stmt"/>
      </file>
      <file name="theme-provider.tsx" path="/workspaces/GeekVault/src/web/src/components/theme-provider.tsx">
        <metrics statements="19" coveredstatements="18" conditionals="10" coveredconditionals="9" methods="6" coveredmethods="6"/>
        <line num="16" count="1" type="stmt"/>
        <line num="18" count="1" type="stmt"/>
        <line num="26" count="14" type="stmt"/>
        <line num="27" count="10" type="cond" truecount="2" falsecount="0"/>
        <line num="30" count="14" type="stmt"/>
        <line num="31" count="14" type="stmt"/>
        <line num="32" count="14" type="stmt"/>
        <line num="34" count="14" type="cond" truecount="2" falsecount="0"/>
        <line num="35" count="4" type="cond" truecount="2" falsecount="0"/>
        <line num="39" count="4" type="stmt"/>
        <line num="41" count="10" type="stmt"/>
        <line num="45" count="14" type="stmt"/>
        <line num="48" count="4" type="stmt"/>
        <line num="49" count="4" type="stmt"/>
        <line num="53" count="14" type="stmt"/>
        <line num="61" count="14" type="stmt"/>
        <line num="62" count="14" type="cond" truecount="1" falsecount="1"/>
        <line num="63" count="0" type="stmt"/>
        <line num="64" count="14" type="stmt"/>
      </file>
    </package>
    <package name="src.components.ui">
      <metrics statements="35" coveredstatements="35" conditionals="15" coveredconditionals="15" methods="12" coveredmethods="12"/>
      <file name="button.tsx" path="/workspaces/GeekVault/src/web/src/components/ui/button.tsx">
        <metrics statements="4" coveredstatements="4" conditionals="0" coveredconditionals="0" methods="1" coveredmethods="1"/>
        <line num="5" count="11" type="stmt"/>
        <line num="39" count="11" type="stmt"/>
        <line num="41" count="5094" type="stmt"/>
        <line num="50" count="11" type="stmt"/>
      </file>
      <file name="confirm-dialog.tsx" path="/workspaces/GeekVault/src/web/src/components/ui/confirm-dialog.tsx">
        <metrics statements="2" coveredstatements="2" conditionals="6" coveredconditionals="6" methods="2" coveredmethods="2"/>
        <line num="35" count="971" type="stmt"/>
        <line num="43" count="6" type="stmt"/>
      </file>
      <file name="dialog.tsx" path="/workspaces/GeekVault/src/web/src/components/ui/dialog.tsx">
        <metrics statements="13" coveredstatements="13" conditionals="0" coveredconditionals="0" methods="5" coveredmethods="5"/>
        <line num="6" count="7" type="stmt"/>
        <line num="7" count="7" type="stmt"/>
        <line num="8" count="7" type="stmt"/>
        <line num="9" count="7" type="stmt"/>
        <line num="11" count="7" type="stmt"/>
        <line num="15" count="675" type="stmt"/>
        <line num="24" count="7" type="stmt"/>
        <line num="26" count="7" type="stmt"/>
        <line num="30" count="3242" type="stmt"/>
        <line num="48" count="7" type="stmt"/>
        <line num="51" count="510" type="stmt"/>
        <line num="60" count="511" type="stmt"/>
        <line num="69" count="509" type="stmt"/>
      </file>
      <file name="input.tsx" path="/workspaces/GeekVault/src/web/src/components/ui/input.tsx">
        <metrics statements="3" coveredstatements="3" conditionals="0" coveredconditionals="0" methods="1" coveredmethods="1"/>
        <line num="4" count="9" type="stmt"/>
        <line num="6" count="2764" type="stmt"/>
        <line num="19" count="9" type="stmt"/>
      </file>
      <file name="label.tsx" path="/workspaces/GeekVault/src/web/src/components/ui/label.tsx">
        <metrics statements="3" coveredstatements="3" conditionals="0" coveredconditionals="0" methods="1" coveredmethods="1"/>
        <line num="4" count="9" type="stmt"/>
        <line num="6" count="3372" type="stmt"/>
        <line num="18" count="9" type="stmt"/>
      </file>
      <file name="sheet.tsx" path="/workspaces/GeekVault/src/web/src/components/ui/sheet.tsx">
        <metrics statements="10" coveredstatements="10" conditionals="9" coveredconditionals="9" methods="2" coveredmethods="2"/>
        <line num="6" count="2" type="stmt"/>
        <line num="7" count="2" type="stmt"/>
        <line num="8" count="2" type="stmt"/>
        <line num="9" count="2" type="stmt"/>
        <line num="11" count="2" type="stmt"/>
        <line num="15" count="11" type="stmt"/>
        <line num="24" count="2" type="stmt"/>
        <line num="31" count="2" type="stmt"/>
        <line num="35" count="16" type="stmt"/>
        <line num="61" count="2" type="stmt"/>
      </file>
    </package>
    <package name="src.i18n">
      <metrics statements="4" coveredstatements="4" conditionals="2" coveredconditionals="2" methods="1" coveredmethods="1"/>
      <file name="index.ts" path="/workspaces/GeekVault/src/web/src/i18n/index.ts">
        <metrics statements="4" coveredstatements="4" conditionals="2" coveredconditionals="2" methods="1" coveredmethods="1"/>
        <line num="6" count="1" type="stmt"/>
        <line num="8" count="1" type="stmt"/>
        <line num="20" count="1" type="stmt"/>
        <line num="21" count="2" type="stmt"/>
      </file>
    </package>
    <package name="src.lib">
      <metrics statements="1" coveredstatements="1" conditionals="0" coveredconditionals="0" methods="1" coveredmethods="1"/>
      <file name="utils.ts" path="/workspaces/GeekVault/src/web/src/lib/utils.ts">
        <metrics statements="1" coveredstatements="1" conditionals="0" coveredconditionals="0" methods="1" coveredmethods="1"/>
        <line num="5" count="16779" type="stmt"/>
      </file>
    </package>
    <package name="src.pages">
      <metrics statements="1107" coveredstatements="1099" conditionals="805" coveredconditionals="730" methods="279" coveredmethods="272"/>
      <file name="CatalogItemDetail.tsx" path="/workspaces/GeekVault/src/web/src/pages/CatalogItemDetail.tsx">
        <metrics statements="221" coveredstatements="221" conditionals="175" coveredconditionals="163" methods="55" coveredmethods="55"/>
        <line num="18" count="1" type="stmt"/>
        <line num="74" count="232" type="stmt"/>
        <line num="75" count="232" type="stmt"/>
        <line num="76" count="232" type="stmt"/>
        <line num="77" count="232" type="stmt"/>
        <line num="79" count="232" type="stmt"/>
        <line num="80" count="232" type="stmt"/>
        <line num="81" count="232" type="stmt"/>
        <line num="82" count="232" type="stmt"/>
        <line num="83" count="232" type="stmt"/>
        <line num="86" count="232" type="stmt"/>
        <line num="87" count="232" type="stmt"/>
        <line num="88" count="232" type="stmt"/>
        <line num="89" count="232" type="stmt"/>
        <line num="90" count="232" type="stmt"/>
        <line num="91" count="232" type="stmt"/>
        <line num="92" count="232" type="stmt"/>
        <line num="93" count="232" type="stmt"/>
        <line num="94" count="232" type="stmt"/>
        <line num="95" count="232" type="stmt"/>
        <line num="96" count="232" type="stmt"/>
        <line num="97" count="232" type="stmt"/>
        <line num="100" count="232" type="stmt"/>
        <line num="101" count="232" type="stmt"/>
        <line num="104" count="232" type="stmt"/>
        <line num="105" count="232" type="stmt"/>
        <line num="106" count="232" type="stmt"/>
        <line num="107" count="232" type="stmt"/>
        <line num="108" count="232" type="stmt"/>
        <line num="109" count="232" type="stmt"/>
        <line num="110" count="232" type="stmt"/>
        <line num="111" count="232" type="stmt"/>
        <line num="112" count="232" type="stmt"/>
        <line num="113" count="232" type="stmt"/>
        <line num="114" count="232" type="stmt"/>
        <line num="117" count="232" type="stmt"/>
        <line num="118" count="232" type="stmt"/>
        <line num="119" count="232" type="stmt"/>
        <line num="121" count="232" type="stmt"/>
        <line num="126" count="232" type="stmt"/>
        <line num="127" count="59" type="stmt"/>
        <line num="128" count="59" type="stmt"/>
        <line num="129" count="58" type="cond" truecount="2" falsecount="0"/>
        <line num="130" count="56" type="stmt"/>
        <line num="131" count="56" type="stmt"/>
        <line num="132" count="56" type="stmt"/>
        <line num="134" count="2" type="stmt"/>
        <line num="135" count="2" type="stmt"/>
        <line num="139" count="232" type="stmt"/>
        <line num="140" count="57" type="stmt"/>
        <line num="141" count="57" type="stmt"/>
        <line num="142" count="57" type="cond" truecount="1" falsecount="1"/>
        <line num="143" count="57" type="stmt"/>
        <line num="144" count="57" type="stmt"/>
        <line num="150" count="232" type="stmt"/>
        <line num="151" count="52" type="stmt"/>
        <line num="152" count="52" type="stmt"/>
        <line num="153" count="52" type="cond" truecount="1" falsecount="1"/>
        <line num="154" count="52" type="stmt"/>
        <line num="155" count="52" type="stmt"/>
        <line num="161" count="232" type="stmt"/>
        <line num="163" count="55" type="stmt"/>
        <line num="164" count="55" type="stmt"/>
        <line num="165" count="54" type="cond" truecount="2" falsecount="0"/>
        <line num="167" count="52" type="stmt"/>
        <line num="168" count="52" type="stmt"/>
        <line num="169" count="52" type="cond" truecount="1" falsecount="1"/>
        <line num="170" count="52" type="stmt"/>
        <line num="171" count="52" type="stmt"/>
        <line num="176" count="52" type="stmt"/>
        <line num="178" count="54" type="stmt"/>
        <line num="180" count="55" type="stmt"/>
        <line num="184" count="21" type="cond" truecount="1" falsecount="1"/>
        <line num="185" count="21" type="stmt"/>
        <line num="186" count="21" type="stmt"/>
        <line num="187" count="21" type="cond" truecount="1" falsecount="1"/>
        <line num="188" count="21" type="cond" truecount="1" falsecount="1"/>
        <line num="189" count="21" type="cond" truecount="1" falsecount="1"/>
        <line num="190" count="21" type="cond" truecount="1" falsecount="1"/>
        <line num="191" count="21" type="stmt"/>
        <line num="192" count="21" type="cond" truecount="1" falsecount="1"/>
        <line num="193" count="21" type="stmt"/>
        <line num="194" count="21" type="cond" truecount="1" falsecount="1"/>
        <line num="195" count="20" type="stmt"/>
        <line num="197" count="21" type="stmt"/>
        <line num="198" count="21" type="stmt"/>
        <line num="199" count="21" type="stmt"/>
        <line num="203" count="10" type="stmt"/>
        <line num="204" count="10" type="stmt"/>
        <line num="206" count="10" type="cond" truecount="2" falsecount="0"/>
        <line num="207" count="1" type="stmt"/>
        <line num="208" count="1" type="stmt"/>
        <line num="210" count="9" type="cond" truecount="2" falsecount="0"/>
        <line num="211" count="1" type="stmt"/>
        <line num="212" count="1" type="stmt"/>
        <line num="215" count="8" type="cond" truecount="1" falsecount="1"/>
        <line num="216" count="8" type="stmt"/>
        <line num="217" count="8" type="cond" truecount="4" falsecount="0"/>
        <line num="218" count="1" type="stmt"/>
        <line num="219" count="1" type="stmt"/>
        <line num="224" count="7" type="stmt"/>
        <line num="225" count="7" type="stmt"/>
        <line num="226" count="7" type="stmt"/>
        <line num="227" count="7" type="stmt"/>
        <line num="228" count="6" type="stmt"/>
        <line num="230" count="7" type="stmt"/>
        <line num="241" count="10" type="stmt"/>
        <line num="247" count="6" type="cond" truecount="2" falsecount="0"/>
        <line num="248" count="2" type="stmt"/>
        <line num="249" count="2" type="cond" truecount="2" falsecount="0"/>
        <line num="252" count="4" type="cond" truecount="2" falsecount="0"/>
        <line num="253" count="2" type="stmt"/>
        <line num="254" count="2" type="stmt"/>
        <line num="255" count="2" type="stmt"/>
        <line num="260" count="2" type="cond" truecount="2" falsecount="0"/>
        <line num="261" count="1" type="stmt"/>
        <line num="265" count="4" type="stmt"/>
        <line num="266" count="4" type="stmt"/>
        <line num="268" count="3" type="cond" truecount="2" falsecount="0"/>
        <line num="270" count="7" type="stmt"/>
        <line num="275" count="3" type="stmt"/>
        <line num="276" count="3" type="stmt"/>
        <line num="277" count="3" type="stmt"/>
        <line num="281" count="2" type="cond" truecount="2" falsecount="0"/>
        <line num="282" count="1" type="stmt"/>
        <line num="284" count="2" type="stmt"/>
        <line num="285" count="2" type="stmt"/>
        <line num="286" count="2" type="stmt"/>
        <line num="291" count="11" type="stmt"/>
        <line num="292" count="11" type="stmt"/>
        <line num="293" count="11" type="stmt"/>
        <line num="294" count="11" type="stmt"/>
        <line num="295" count="11" type="stmt"/>
        <line num="296" count="11" type="stmt"/>
        <line num="297" count="11" type="stmt"/>
        <line num="298" count="11" type="stmt"/>
        <line num="299" count="11" type="stmt"/>
        <line num="300" count="11" type="stmt"/>
        <line num="304" count="5" type="stmt"/>
        <line num="305" count="5" type="stmt"/>
        <line num="306" count="5" type="cond" truecount="2" falsecount="0"/>
        <line num="307" count="5" type="cond" truecount="2" falsecount="0"/>
        <line num="308" count="5" type="cond" truecount="2" falsecount="0"/>
        <line num="309" count="5" type="cond" truecount="2" falsecount="0"/>
        <line num="310" count="5" type="cond" truecount="2" falsecount="0"/>
        <line num="311" count="5" type="stmt"/>
        <line num="312" count="5" type="stmt"/>
        <line num="313" count="5" type="stmt"/>
        <line num="317" count="7" type="stmt"/>
        <line num="318" count="7" type="stmt"/>
        <line num="319" count="7" type="stmt"/>
        <line num="321" count="7" type="stmt"/>
        <line num="322" count="7" type="stmt"/>
        <line num="331" count="7" type="cond" truecount="2" falsecount="0"/>
        <line num="334" count="7" type="cond" truecount="2" falsecount="0"/>
        <line num="336" count="7" type="stmt"/>
        <line num="337" count="6" type="cond" truecount="2" falsecount="0"/>
        <line num="338" count="2" type="stmt"/>
        <line num="339" count="2" type="cond" truecount="2" falsecount="0"/>
        <line num="342" count="4" type="stmt"/>
        <line num="343" count="4" type="cond" truecount="2" falsecount="0"/>
        <line num="346" count="7" type="cond" truecount="2" falsecount="0"/>
        <line num="347" count="2" type="stmt"/>
        <line num="349" count="2" type="stmt"/>
        <line num="350" count="2" type="stmt"/>
        <line num="351" count="2" type="stmt"/>
        <line num="358" count="2" type="cond" truecount="2" falsecount="0"/>
        <line num="359" count="1" type="stmt"/>
        <line num="363" count="4" type="stmt"/>
        <line num="364" count="4" type="stmt"/>
        <line num="366" count="3" type="cond" truecount="2" falsecount="0"/>
        <line num="368" count="7" type="stmt"/>
        <line num="373" count="2" type="cond" truecount="1" falsecount="1"/>
        <line num="374" count="2" type="stmt"/>
        <line num="375" count="2" type="stmt"/>
        <line num="376" count="2" type="stmt"/>
        <line num="380" count="2" type="cond" truecount="2" falsecount="0"/>
        <line num="381" count="1" type="stmt"/>
        <line num="382" count="1" type="stmt"/>
        <line num="383" count="1" type="stmt"/>
        <line num="385" count="1" type="stmt"/>
        <line num="386" count="1" type="stmt"/>
        <line num="387" count="1" type="stmt"/>
        <line num="393" count="1222" type="stmt"/>
        <line num="396" count="232" type="cond" truecount="2" falsecount="0"/>
        <line num="397" count="55" type="stmt"/>
        <line num="404" count="177" type="cond" truecount="2" falsecount="0"/>
        <line num="405" count="2" type="stmt"/>
        <line num="408" count="1" type="stmt"/>
        <line num="416" count="175" type="stmt"/>
        <line num="423" count="1" type="stmt"/>
        <line num="468" count="5" type="stmt"/>
        <line num="517" count="172" type="stmt"/>
        <line num="543" count="172" type="stmt"/>
        <line num="551" count="5" type="stmt"/>
        <line num="557" count="5" type="stmt"/>
        <line num="599" count="4" type="stmt"/>
        <line num="637" count="1" type="stmt"/>
        <line num="646" count="2" type="stmt"/>
        <line num="657" count="2" type="stmt"/>
        <line num="668" count="2" type="stmt"/>
        <line num="678" count="2" type="stmt"/>
        <line num="690" count="2" type="stmt"/>
        <line num="699" count="2" type="stmt"/>
        <line num="711" count="4" type="cond" truecount="2" falsecount="0"/>
        <line num="729" count="175" type="stmt"/>
        <line num="738" count="1" type="stmt"/>
        <line num="748" count="15" type="stmt"/>
        <line num="759" count="2" type="stmt"/>
        <line num="774" count="3" type="stmt"/>
        <line num="790" count="1" type="stmt"/>
        <line num="838" count="1" type="stmt"/>
        <line num="843" count="1050" type="stmt"/>
        <line num="857" count="1" type="stmt"/>
        <line num="870" count="1" type="stmt"/>
        <line num="884" count="1" type="stmt"/>
        <line num="893" count="1" type="stmt"/>
        <line num="905" count="1" type="stmt"/>
        <line num="919" count="4" type="cond" truecount="2" falsecount="0"/>
        <line num="926" count="2" type="stmt"/>
        <line num="938" count="1" type="stmt"/>
      </file>
      <file name="CollectionDetail.tsx" path="/workspaces/GeekVault/src/web/src/pages/CollectionDetail.tsx">
        <metrics statements="371" coveredstatements="365" conditionals="310" coveredconditionals="266" methods="92" coveredmethods="86"/>
        <line num="98" count="334" type="stmt"/>
        <line num="99" count="334" type="stmt"/>
        <line num="100" count="334" type="stmt"/>
        <line num="101" count="334" type="stmt"/>
        <line num="102" count="334" type="stmt"/>
        <line num="104" count="334" type="stmt"/>
        <line num="105" count="334" type="stmt"/>
        <line num="106" count="334" type="stmt"/>
        <line num="107" count="334" type="stmt"/>
        <line num="108" count="334" type="stmt"/>
        <line num="109" count="334" type="stmt"/>
        <line num="110" count="334" type="stmt"/>
        <line num="113" count="334" type="stmt"/>
        <line num="116" count="334" type="cond" truecount="2" falsecount="0"/>
        <line num="117" count="334" type="cond" truecount="2" falsecount="0"/>
        <line num="118" count="334" type="cond" truecount="2" falsecount="0"/>
        <line num="119" count="334" type="cond" truecount="2" falsecount="0"/>
        <line num="120" count="334" type="cond" truecount="2" falsecount="0"/>
        <line num="123" count="8" type="stmt"/>
        <line num="124" count="8" type="stmt"/>
        <line num="126" count="8" type="cond" truecount="9" falsecount="0"/>
        <line num="131" count="8" type="cond" truecount="2" falsecount="0"/>
        <line num="132" count="2" type="stmt"/>
        <line num="134" count="6" type="stmt"/>
        <line num="136" count="8" type="stmt"/>
        <line num="141" count="334" type="stmt"/>
        <line num="142" count="334" type="stmt"/>
        <line num="143" count="334" type="stmt"/>
        <line num="144" count="334" type="stmt"/>
        <line num="145" count="334" type="stmt"/>
        <line num="146" count="334" type="stmt"/>
        <line num="147" count="334" type="stmt"/>
        <line num="148" count="334" type="stmt"/>
        <line num="149" count="334" type="stmt"/>
        <line num="150" count="334" type="stmt"/>
        <line num="151" count="334" type="stmt"/>
        <line num="152" count="334" type="stmt"/>
        <line num="155" count="334" type="stmt"/>
        <line num="156" count="334" type="stmt"/>
        <line num="157" count="334" type="stmt"/>
        <line num="158" count="334" type="stmt"/>
        <line num="159" count="334" type="stmt"/>
        <line num="160" count="334" type="stmt"/>
        <line num="161" count="334" type="stmt"/>
        <line num="162" count="334" type="stmt"/>
        <line num="163" count="334" type="stmt"/>
        <line num="164" count="334" type="stmt"/>
        <line num="165" count="334" type="stmt"/>
        <line num="166" count="334" type="stmt"/>
        <line num="167" count="334" type="stmt"/>
        <line num="170" count="334" type="stmt"/>
        <line num="171" count="334" type="stmt"/>
        <line num="172" count="334" type="stmt"/>
        <line num="173" count="334" type="stmt"/>
        <line num="176" count="334" type="stmt"/>
        <line num="177" count="334" type="stmt"/>
        <line num="178" count="334" type="stmt"/>
        <line num="179" count="334" type="stmt"/>
        <line num="182" count="334" type="stmt"/>
        <line num="183" count="334" type="stmt"/>
        <line num="184" count="334" type="stmt"/>
        <line num="185" count="334" type="stmt"/>
        <line num="186" count="334" type="stmt"/>
        <line num="187" count="334" type="stmt"/>
        <line num="188" count="334" type="stmt"/>
        <line num="189" count="334" type="stmt"/>
        <line num="191" count="334" type="stmt"/>
        <line num="196" count="334" type="stmt"/>
        <line num="197" count="73" type="stmt"/>
        <line num="198" count="73" type="stmt"/>
        <line num="199" count="72" type="cond" truecount="2" falsecount="0"/>
        <line num="200" count="71" type="stmt"/>
        <line num="201" count="71" type="stmt"/>
        <line num="202" count="71" type="stmt"/>
        <line num="204" count="1" type="stmt"/>
        <line num="205" count="1" type="stmt"/>
        <line num="209" count="334" type="stmt"/>
        <line num="210" count="66" type="stmt"/>
        <line num="211" count="66" type="stmt"/>
        <line num="212" count="66" type="cond" truecount="1" falsecount="1"/>
        <line num="213" count="66" type="stmt"/>
        <line num="214" count="66" type="stmt"/>
        <line num="220" count="334" type="stmt"/>
        <line num="221" count="79" type="stmt"/>
        <line num="222" count="79" type="stmt"/>
        <line num="223" count="79" type="cond" truecount="2" falsecount="0"/>
        <line num="224" count="79" type="cond" truecount="2" falsecount="0"/>
        <line num="225" count="79" type="cond" truecount="4" falsecount="0"/>
        <line num="226" count="79" type="cond" truecount="1" falsecount="1"/>
        <line num="227" count="79" type="cond" truecount="1" falsecount="1"/>
        <line num="229" count="79" type="stmt"/>
        <line num="230" count="79" type="cond" truecount="1" falsecount="1"/>
        <line num="231" count="79" type="stmt"/>
        <line num="232" count="79" type="stmt"/>
        <line num="233" count="79" type="stmt"/>
        <line num="236" count="79" type="stmt"/>
        <line num="237" count="79" type="stmt"/>
        <line num="238" count="156" type="stmt"/>
        <line num="239" count="156" type="cond" truecount="1" falsecount="1"/>
        <line num="240" count="156" type="stmt"/>
        <line num="241" count="156" type="cond" truecount="4" falsecount="0"/>
        <line num="242" count="3" type="stmt"/>
        <line num="246" count="79" type="stmt"/>
        <line num="248" count="0" type="stmt"/>
        <line num="252" count="334" type="stmt"/>
        <line num="253" count="75" type="stmt"/>
        <line num="254" count="75" type="stmt"/>
        <line num="255" count="75" type="cond" truecount="1" falsecount="1"/>
        <line num="256" count="75" type="stmt"/>
        <line num="257" count="75" type="stmt"/>
        <line num="263" count="334" type="stmt"/>
        <line num="264" count="19" type="stmt"/>
        <line num="265" count="19" type="stmt"/>
        <line num="266" count="19" type="cond" truecount="1" falsecount="1"/>
        <line num="267" count="19" type="stmt"/>
        <line num="268" count="19" type="stmt"/>
        <line num="274" count="334" type="stmt"/>
        <line num="276" count="68" type="stmt"/>
        <line num="277" count="68" type="stmt"/>
        <line num="278" count="67" type="cond" truecount="2" falsecount="0"/>
        <line num="279" count="66" type="stmt"/>
        <line num="281" count="67" type="stmt"/>
        <line num="283" count="68" type="stmt"/>
        <line num="287" count="334" type="stmt"/>
        <line num="288" count="76" type="cond" truecount="2" falsecount="0"/>
        <line num="289" count="8" type="stmt"/>
        <line num="294" count="14" type="stmt"/>
        <line num="295" count="14" type="stmt"/>
        <line num="296" count="14" type="stmt"/>
        <line num="297" count="14" type="stmt"/>
        <line num="298" count="14" type="stmt"/>
        <line num="299" count="14" type="stmt"/>
        <line num="300" count="14" type="stmt"/>
        <line num="301" count="14" type="stmt"/>
        <line num="302" count="14" type="stmt"/>
        <line num="303" count="14" type="stmt"/>
        <line num="304" count="14" type="stmt"/>
        <line num="308" count="8" type="stmt"/>
        <line num="309" count="8" type="stmt"/>
        <line num="311" count="8" type="cond" truecount="2" falsecount="0"/>
        <line num="312" count="1" type="stmt"/>
        <line num="313" count="1" type="stmt"/>
        <line num="315" count="7" type="cond" truecount="2" falsecount="0"/>
        <line num="316" count="1" type="stmt"/>
        <line num="317" count="1" type="stmt"/>
        <line num="321" count="6" type="cond" truecount="1" falsecount="1"/>
        <line num="322" count="6" type="stmt"/>
        <line num="323" count="6" type="cond" truecount="4" falsecount="0"/>
        <line num="324" count="1" type="stmt"/>
        <line num="325" count="1" type="stmt"/>
        <line num="330" count="5" type="stmt"/>
        <line num="331" count="5" type="stmt"/>
        <line num="332" count="5" type="stmt"/>
        <line num="333" count="0" type="stmt"/>
        <line num="334" count="0" type="stmt"/>
        <line num="336" count="5" type="stmt"/>
        <line num="347" count="8" type="stmt"/>
        <line num="353" count="5" type="cond" truecount="2" falsecount="0"/>
        <line num="354" count="2" type="stmt"/>
        <line num="355" count="2" type="cond" truecount="2" falsecount="0"/>
        <line num="358" count="3" type="stmt"/>
        <line num="360" count="3" type="cond" truecount="2" falsecount="0"/>
        <line num="361" count="2" type="stmt"/>
        <line num="362" count="2" type="stmt"/>
        <line num="363" count="2" type="stmt"/>
        <line num="368" count="2" type="cond" truecount="2" falsecount="0"/>
        <line num="369" count="1" type="stmt"/>
        <line num="373" count="3" type="stmt"/>
        <line num="374" count="3" type="stmt"/>
        <line num="375" count="3" type="stmt"/>
        <line num="377" count="2" type="cond" truecount="1" falsecount="1"/>
        <line num="379" count="5" type="stmt"/>
        <line num="385" count="4" type="stmt"/>
        <line num="386" count="4" type="stmt"/>
        <line num="387" count="4" type="stmt"/>
        <line num="388" count="4" type="stmt"/>
        <line num="392" count="2" type="stmt"/>
        <line num="393" count="2" type="stmt"/>
        <line num="394" count="2" type="stmt"/>
        <line num="395" count="2" type="stmt"/>
        <line num="399" count="5" type="stmt"/>
        <line num="400" count="5" type="stmt"/>
        <line num="402" count="5" type="cond" truecount="2" falsecount="0"/>
        <line num="403" count="1" type="stmt"/>
        <line num="404" count="1" type="stmt"/>
        <line num="407" count="4" type="stmt"/>
        <line num="408" count="4" type="stmt"/>
        <line num="409" count="4" type="cond" truecount="2" falsecount="0"/>
        <line num="412" count="5" type="cond" truecount="2" falsecount="0"/>
        <line num="414" count="5" type="stmt"/>
        <line num="415" count="5" type="stmt"/>
        <line num="417" count="4" type="cond" truecount="2" falsecount="0"/>
        <line num="418" count="1" type="stmt"/>
        <line num="419" count="1" type="cond" truecount="1" falsecount="1"/>
        <line num="422" count="3" type="stmt"/>
        <line num="423" count="3" type="stmt"/>
        <line num="424" count="3" type="cond" truecount="4" falsecount="0"/>
        <line num="425" count="1" type="stmt"/>
        <line num="428" count="1" type="cond" truecount="1" falsecount="1"/>
        <line num="430" count="4" type="stmt"/>
        <line num="435" count="3" type="stmt"/>
        <line num="436" count="3" type="stmt"/>
        <line num="440" count="2" type="cond" truecount="1" falsecount="1"/>
        <line num="441" count="2" type="stmt"/>
        <line num="442" count="2" type="stmt"/>
        <line num="443" count="2" type="stmt"/>
        <line num="447" count="2" type="cond" truecount="1" falsecount="1"/>
        <line num="448" count="2" type="stmt"/>
        <line num="449" count="2" type="cond" truecount="2" falsecount="0"/>
        <line num="450" count="2" type="stmt"/>
        <line num="454" count="2" type="stmt"/>
        <line num="455" count="2" type="stmt"/>
        <line num="460" count="1" type="cond" truecount="1" falsecount="1"/>
        <line num="461" count="1" type="stmt"/>
        <line num="462" count="1" type="stmt"/>
        <line num="463" count="1" type="stmt"/>
        <line num="468" count="1" type="cond" truecount="1" falsecount="1"/>
        <line num="469" count="1" type="stmt"/>
        <line num="470" count="1" type="stmt"/>
        <line num="474" count="1" type="stmt"/>
        <line num="479" count="2" type="cond" truecount="3" falsecount="1"/>
        <line num="480" count="2" type="stmt"/>
        <line num="481" count="2" type="stmt"/>
        <line num="482" count="2" type="stmt"/>
        <line num="487" count="2" type="cond" truecount="1" falsecount="1"/>
        <line num="488" count="2" type="stmt"/>
        <line num="489" count="2" type="stmt"/>
        <line num="490" count="2" type="stmt"/>
        <line num="494" count="2" type="stmt"/>
        <line num="499" count="2" type="stmt"/>
        <line num="500" count="2" type="stmt"/>
        <line num="504" count="1" type="cond" truecount="3" falsecount="1"/>
        <line num="505" count="1" type="stmt"/>
        <line num="506" count="1" type="stmt"/>
        <line num="507" count="1" type="stmt"/>
        <line num="511" count="1" type="cond" truecount="1" falsecount="1"/>
        <line num="512" count="1" type="stmt"/>
        <line num="513" count="1" type="stmt"/>
        <line num="514" count="1" type="stmt"/>
        <line num="515" count="1" type="stmt"/>
        <line num="519" count="1" type="stmt"/>
        <line num="525" count="2" type="stmt"/>
        <line num="526" count="2" type="stmt"/>
        <line num="527" count="2" type="stmt"/>
        <line num="528" count="2" type="stmt"/>
        <line num="531" count="2" type="cond" truecount="2" falsecount="0"/>
        <line num="532" count="1" type="stmt"/>
        <line num="533" count="1" type="stmt"/>
        <line num="534" count="1" type="stmt"/>
        <line num="535" count="1" type="stmt"/>
        <line num="536" count="1" type="cond" truecount="1" falsecount="1"/>
        <line num="537" count="2" type="stmt"/>
        <line num="538" count="2" type="stmt"/>
        <line num="539" count="2" type="stmt"/>
        <line num="540" count="2" type="stmt"/>
        <line num="541" count="2" type="stmt"/>
        <line num="543" count="1" type="cond" truecount="1" falsecount="1"/>
        <line num="545" count="2" type="stmt"/>
        <line num="551" count="8" type="stmt"/>
        <line num="552" count="8" type="stmt"/>
        <line num="553" count="8" type="stmt"/>
        <line num="554" count="8" type="stmt"/>
        <line num="555" count="8" type="stmt"/>
        <line num="556" count="8" type="stmt"/>
        <line num="557" count="8" type="stmt"/>
        <line num="558" count="8" type="stmt"/>
        <line num="562" count="5" type="cond" truecount="1" falsecount="1"/>
        <line num="563" count="0" type="stmt"/>
        <line num="564" count="0" type="stmt"/>
        <line num="566" count="5" type="stmt"/>
        <line num="567" count="5" type="stmt"/>
        <line num="568" count="5" type="stmt"/>
        <line num="569" count="5" type="stmt"/>
        <line num="570" count="5" type="stmt"/>
        <line num="571" count="5" type="stmt"/>
        <line num="576" count="5" type="cond" truecount="2" falsecount="0"/>
        <line num="577" count="1" type="stmt"/>
        <line num="578" count="1" type="cond" truecount="1" falsecount="1"/>
        <line num="580" count="4" type="stmt"/>
        <line num="581" count="4" type="stmt"/>
        <line num="582" count="4" type="stmt"/>
        <line num="584" count="1" type="cond" truecount="1" falsecount="1"/>
        <line num="586" count="5" type="stmt"/>
        <line num="591" count="3" type="stmt"/>
        <line num="592" count="3" type="stmt"/>
        <line num="593" count="3" type="stmt"/>
        <line num="594" count="3" type="stmt"/>
        <line num="595" count="3" type="stmt"/>
        <line num="596" count="3" type="stmt"/>
        <line num="601" count="3" type="cond" truecount="2" falsecount="0"/>
        <line num="602" count="1" type="stmt"/>
        <line num="603" count="1" type="cond" truecount="1" falsecount="1"/>
        <line num="605" count="2" type="stmt"/>
        <line num="606" count="2" type="stmt"/>
        <line num="607" count="2" type="stmt"/>
        <line num="608" count="2" type="stmt"/>
        <line num="609" count="2" type="stmt"/>
        <line num="611" count="1" type="cond" truecount="1" falsecount="1"/>
        <line num="613" count="3" type="stmt"/>
        <line num="618" count="334" type="stmt"/>
        <line num="619" count="528" type="cond" truecount="2" falsecount="0"/>
        <line num="620" count="2" type="stmt"/>
        <line num="621" count="2" type="cond" truecount="2" falsecount="0"/>
        <line num="626" count="20" type="cond" truecount="2" falsecount="0"/>
        <line num="627" count="10" type="stmt"/>
        <line num="630" count="334" type="cond" truecount="2" falsecount="0"/>
        <line num="631" count="68" type="stmt"/>
        <line num="638" count="266" type="cond" truecount="2" falsecount="0"/>
        <line num="639" count="1" type="stmt"/>
        <line num="642" count="0" type="stmt"/>
        <line num="650" count="265" type="stmt"/>
        <line num="657" count="1" type="stmt"/>
        <line num="710" count="1" type="stmt"/>
        <line num="720" count="24" type="stmt"/>
        <line num="733" count="6" type="stmt"/>
        <line num="757" count="2" type="stmt"/>
        <line num="764" count="1" type="stmt"/>
        <line num="779" count="537" type="stmt"/>
        <line num="786" count="3" type="stmt"/>
        <line num="796" count="1" type="stmt"/>
        <line num="809" count="1" type="cond" truecount="1" falsecount="1"/>
        <line num="829" count="356" type="stmt"/>
        <line num="830" count="356" type="stmt"/>
        <line num="836" count="1" type="stmt"/>
        <line num="902" count="68" type="cond" truecount="1" falsecount="1"/>
        <line num="903" count="68" type="stmt"/>
        <line num="904" count="68" type="stmt"/>
        <line num="910" count="14" type="stmt"/>
        <line num="917" count="2" type="stmt"/>
        <line num="923" count="3" type="stmt"/>
        <line num="955" count="5" type="stmt"/>
        <line num="985" count="9" type="stmt"/>
        <line num="987" count="20" type="stmt"/>
        <line num="988" count="20" type="stmt"/>
        <line num="1005" count="1" type="stmt"/>
        <line num="1012" count="2" type="stmt"/>
        <line num="1059" count="7" type="stmt"/>
        <line num="1069" count="6" type="stmt"/>
        <line num="1081" count="2" type="stmt"/>
        <line num="1093" count="2" type="stmt"/>
        <line num="1104" count="1" type="stmt"/>
        <line num="1116" count="2" type="stmt"/>
        <line num="1126" count="2" type="stmt"/>
        <line num="1139" count="4" type="cond" truecount="2" falsecount="0"/>
        <line num="1150" count="281" type="stmt"/>
        <line num="1159" count="1" type="stmt"/>
        <line num="1169" count="8" type="stmt"/>
        <line num="1180" count="1" type="stmt"/>
        <line num="1195" count="1" type="stmt"/>
        <line num="1214" count="1" type="stmt"/>
        <line num="1247" count="4" type="stmt"/>
        <line num="1253" count="1" type="stmt"/>
        <line num="1280" count="1" type="cond" truecount="1" falsecount="1"/>
        <line num="1312" count="1" type="stmt"/>
        <line num="1322" count="2" type="stmt"/>
        <line num="1329" count="1" type="stmt"/>
        <line num="1364" count="5" type="cond" truecount="1" falsecount="1"/>
        <line num="1369" count="1" type="stmt"/>
        <line num="1405" count="16" type="stmt"/>
        <line num="1414" count="10" type="stmt"/>
        <line num="1420" count="20" type="stmt"/>
        <line num="1436" count="1" type="stmt"/>
        <line num="1456" count="1" type="stmt"/>
        <line num="1482" count="1" type="stmt"/>
        <line num="1487" count="527" type="stmt"/>
        <line num="1488" count="527" type="stmt"/>
        <line num="1505" count="1" type="stmt"/>
        <line num="1528" count="2" type="stmt"/>
        <line num="1532" count="1" type="cond" truecount="1" falsecount="1"/>
        <line num="1533" count="1" type="stmt"/>
        <line num="1534" count="1" type="stmt"/>
      </file>
      <file name="CollectionTypes.tsx" path="/workspaces/GeekVault/src/web/src/pages/CollectionTypes.tsx">
        <metrics statements="115" coveredstatements="115" conditionals="78" coveredconditionals="70" methods="42" coveredmethods="42"/>
        <line num="16" count="1" type="stmt"/>
        <line num="35" count="37" type="stmt"/>
        <line num="39" count="175" type="stmt"/>
        <line num="40" count="175" type="stmt"/>
        <line num="42" count="175" type="stmt"/>
        <line num="43" count="175" type="stmt"/>
        <line num="44" count="175" type="stmt"/>
        <line num="47" count="175" type="stmt"/>
        <line num="48" count="175" type="stmt"/>
        <line num="49" count="175" type="stmt"/>
        <line num="50" count="175" type="stmt"/>
        <line num="51" count="175" type="stmt"/>
        <line num="52" count="175" type="stmt"/>
        <line num="53" count="175" type="stmt"/>
        <line num="54" count="175" type="stmt"/>
        <line num="57" count="175" type="stmt"/>
        <line num="58" count="175" type="stmt"/>
        <line num="60" count="175" type="stmt"/>
        <line num="66" count="32" type="stmt"/>
        <line num="67" count="32" type="stmt"/>
        <line num="68" count="31" type="cond" truecount="2" falsecount="0"/>
        <line num="69" count="30" type="stmt"/>
        <line num="70" count="57" type="stmt"/>
        <line num="75" count="1" type="stmt"/>
        <line num="77" count="31" type="stmt"/>
        <line num="81" count="175" type="stmt"/>
        <line num="82" count="29" type="stmt"/>
        <line num="86" count="16" type="stmt"/>
        <line num="87" count="16" type="stmt"/>
        <line num="88" count="16" type="stmt"/>
        <line num="89" count="16" type="stmt"/>
        <line num="90" count="16" type="stmt"/>
        <line num="91" count="16" type="stmt"/>
        <line num="92" count="16" type="stmt"/>
        <line num="96" count="3" type="stmt"/>
        <line num="97" count="3" type="stmt"/>
        <line num="98" count="3" type="stmt"/>
        <line num="99" count="3" type="stmt"/>
        <line num="100" count="13" type="cond" truecount="2" falsecount="2"/>
        <line num="101" count="3" type="stmt"/>
        <line num="102" count="3" type="stmt"/>
        <line num="106" count="8" type="stmt"/>
        <line num="107" count="8" type="stmt"/>
        <line num="109" count="8" type="cond" truecount="2" falsecount="0"/>
        <line num="110" count="1" type="stmt"/>
        <line num="111" count="1" type="stmt"/>
        <line num="114" count="7" type="cond" truecount="2" falsecount="0"/>
        <line num="115" count="1" type="stmt"/>
        <line num="116" count="1" type="stmt"/>
        <line num="119" count="6" type="stmt"/>
        <line num="120" count="3" type="cond" truecount="2" falsecount="0"/>
        <line num="121" count="1" type="stmt"/>
        <line num="122" count="1" type="stmt"/>
        <line num="124" count="2" type="cond" truecount="4" falsecount="0"/>
        <line num="125" count="1" type="stmt"/>
        <line num="126" count="1" type="stmt"/>
        <line num="130" count="4" type="stmt"/>
        <line num="131" count="4" type="stmt"/>
        <line num="132" count="4" type="stmt"/>
        <line num="136" count="1" type="stmt"/>
        <line num="144" count="4" type="cond" truecount="2" falsecount="0"/>
        <line num="147" count="8" type="cond" truecount="2" falsecount="0"/>
        <line num="149" count="8" type="stmt"/>
        <line num="151" count="4" type="cond" truecount="2" falsecount="0"/>
        <line num="152" count="2" type="stmt"/>
        <line num="153" count="2" type="cond" truecount="2" falsecount="0"/>
        <line num="156" count="2" type="stmt"/>
        <line num="157" count="2" type="stmt"/>
        <line num="159" count="2" type="cond" truecount="1" falsecount="1"/>
        <line num="161" count="4" type="stmt"/>
        <line num="166" count="2" type="cond" truecount="1" falsecount="1"/>
        <line num="167" count="2" type="stmt"/>
        <line num="168" count="2" type="stmt"/>
        <line num="169" count="2" type="stmt"/>
        <line num="173" count="2" type="cond" truecount="2" falsecount="0"/>
        <line num="174" count="1" type="stmt"/>
        <line num="175" count="1" type="stmt"/>
        <line num="177" count="1" type="stmt"/>
        <line num="179" count="2" type="stmt"/>
        <line num="185" count="37" type="cond" truecount="1" falsecount="1"/>
        <line num="186" count="37" type="stmt"/>
        <line num="190" count="1" type="stmt"/>
        <line num="194" count="26" type="stmt"/>
        <line num="195" count="116" type="cond" truecount="2" falsecount="0"/>
        <line num="200" count="4" type="stmt"/>
        <line num="201" count="4" type="stmt"/>
        <line num="205" count="4" type="stmt"/>
        <line num="206" count="6" type="cond" truecount="2" falsecount="0"/>
        <line num="207" count="4" type="stmt"/>
        <line num="211" count="1" type="stmt"/>
        <line num="212" count="1" type="stmt"/>
        <line num="213" count="2" type="stmt"/>
        <line num="217" count="175" type="cond" truecount="2" falsecount="0"/>
        <line num="218" count="29" type="stmt"/>
        <line num="225" count="146" type="stmt"/>
        <line num="255" count="285" type="stmt"/>
        <line num="268" count="3" type="stmt"/>
        <line num="276" count="5" type="stmt"/>
        <line num="291" count="174" type="stmt"/>
        <line num="335" count="9" type="stmt"/>
        <line num="345" count="1" type="stmt"/>
        <line num="359" count="1" type="stmt"/>
        <line num="388" count="317" type="stmt"/>
        <line num="404" count="1" type="stmt"/>
        <line num="419" count="11" type="stmt"/>
        <line num="433" count="5" type="stmt"/>
        <line num="443" count="1902" type="stmt"/>
        <line num="455" count="1" type="stmt"/>
        <line num="472" count="12" type="stmt"/>
        <line num="476" count="4" type="stmt"/>
        <line num="490" count="1" type="stmt"/>
        <line num="502" count="4" type="stmt"/>
        <line num="527" count="1" type="stmt"/>
        <line num="547" count="1" type="cond" truecount="2" falsecount="0"/>
        <line num="559" count="1" type="stmt"/>
      </file>
      <file name="Collections.tsx" path="/workspaces/GeekVault/src/web/src/pages/Collections.tsx">
        <metrics statements="114" coveredstatements="114" conditionals="70" coveredconditionals="66" methods="24" coveredmethods="24"/>
        <line num="36" count="110" type="stmt"/>
        <line num="37" count="110" type="stmt"/>
        <line num="38" count="110" type="stmt"/>
        <line num="40" count="110" type="stmt"/>
        <line num="41" count="110" type="stmt"/>
        <line num="42" count="110" type="stmt"/>
        <line num="43" count="110" type="stmt"/>
        <line num="46" count="110" type="stmt"/>
        <line num="47" count="110" type="stmt"/>
        <line num="48" count="110" type="stmt"/>
        <line num="49" count="110" type="stmt"/>
        <line num="50" count="110" type="stmt"/>
        <line num="51" count="110" type="stmt"/>
        <line num="52" count="110" type="stmt"/>
        <line num="53" count="110" type="stmt"/>
        <line num="54" count="110" type="stmt"/>
        <line num="57" count="110" type="stmt"/>
        <line num="58" count="110" type="stmt"/>
        <line num="61" count="110" type="stmt"/>
        <line num="62" count="110" type="stmt"/>
        <line num="64" count="110" type="stmt"/>
        <line num="70" count="30" type="stmt"/>
        <line num="71" count="30" type="stmt"/>
        <line num="72" count="29" type="cond" truecount="2" falsecount="0"/>
        <line num="73" count="28" type="stmt"/>
        <line num="74" count="28" type="stmt"/>
        <line num="76" count="1" type="stmt"/>
        <line num="78" count="29" type="stmt"/>
        <line num="83" count="26" type="stmt"/>
        <line num="84" count="26" type="stmt"/>
        <line num="85" count="25" type="cond" truecount="1" falsecount="1"/>
        <line num="86" count="25" type="stmt"/>
        <line num="87" count="25" type="stmt"/>
        <line num="93" count="110" type="stmt"/>
        <line num="94" count="26" type="stmt"/>
        <line num="95" count="26" type="stmt"/>
        <line num="99" count="110" type="stmt"/>
        <line num="101" count="1" type="cond" truecount="3" falsecount="1"/>
        <line num="102" count="1" type="stmt"/>
        <line num="105" count="44" type="cond" truecount="2" falsecount="0"/>
        <line num="106" count="9" type="stmt"/>
        <line num="107" count="9" type="stmt"/>
        <line num="112" count="11" type="stmt"/>
        <line num="113" count="11" type="stmt"/>
        <line num="114" count="11" type="stmt"/>
        <line num="115" count="11" type="cond" truecount="2" falsecount="0"/>
        <line num="116" count="11" type="stmt"/>
        <line num="117" count="11" type="stmt"/>
        <line num="118" count="11" type="stmt"/>
        <line num="119" count="11" type="stmt"/>
        <line num="123" count="2" type="stmt"/>
        <line num="124" count="2" type="stmt"/>
        <line num="125" count="2" type="stmt"/>
        <line num="126" count="2" type="stmt"/>
        <line num="127" count="2" type="stmt"/>
        <line num="128" count="2" type="stmt"/>
        <line num="129" count="2" type="stmt"/>
        <line num="130" count="2" type="stmt"/>
        <line num="131" count="2" type="stmt"/>
        <line num="135" count="7" type="stmt"/>
        <line num="136" count="7" type="stmt"/>
        <line num="138" count="7" type="cond" truecount="2" falsecount="0"/>
        <line num="139" count="1" type="stmt"/>
        <line num="140" count="1" type="stmt"/>
        <line num="143" count="6" type="cond" truecount="2" falsecount="0"/>
        <line num="144" count="1" type="stmt"/>
        <line num="145" count="1" type="stmt"/>
        <line num="148" count="5" type="stmt"/>
        <line num="149" count="5" type="stmt"/>
        <line num="150" count="5" type="stmt"/>
        <line num="157" count="5" type="cond" truecount="2" falsecount="0"/>
        <line num="160" count="7" type="cond" truecount="2" falsecount="0"/>
        <line num="162" count="7" type="stmt"/>
        <line num="168" count="5" type="cond" truecount="2" falsecount="0"/>
        <line num="169" count="2" type="stmt"/>
        <line num="170" count="2" type="cond" truecount="2" falsecount="0"/>
        <line num="173" count="3" type="stmt"/>
        <line num="176" count="3" type="cond" truecount="2" falsecount="0"/>
        <line num="177" count="1" type="cond" truecount="2" falsecount="0"/>
        <line num="178" count="1" type="stmt"/>
        <line num="179" count="1" type="stmt"/>
        <line num="180" count="1" type="stmt"/>
        <line num="187" count="3" type="stmt"/>
        <line num="188" count="3" type="stmt"/>
        <line num="190" count="2" type="stmt"/>
        <line num="194" count="5" type="stmt"/>
        <line num="199" count="2" type="cond" truecount="1" falsecount="1"/>
        <line num="200" count="2" type="stmt"/>
        <line num="201" count="2" type="stmt"/>
        <line num="202" count="2" type="stmt"/>
        <line num="206" count="2" type="cond" truecount="2" falsecount="0"/>
        <line num="207" count="1" type="stmt"/>
        <line num="208" count="1" type="stmt"/>
        <line num="210" count="1" type="stmt"/>
        <line num="212" count="2" type="stmt"/>
        <line num="216" count="110" type="cond" truecount="2" falsecount="0"/>
        <line num="217" count="26" type="stmt"/>
        <line num="224" count="84" type="stmt"/>
        <line num="254" count="157" type="stmt"/>
        <line num="257" count="1" type="stmt"/>
        <line num="290" count="10" type="stmt"/>
        <line num="291" count="10" type="cond" truecount="2" falsecount="0"/>
        <line num="302" count="2" type="stmt"/>
        <line num="303" count="2" type="stmt"/>
        <line num="312" count="5" type="stmt"/>
        <line num="313" count="5" type="stmt"/>
        <line num="314" count="5" type="stmt"/>
        <line num="366" count="6" type="stmt"/>
        <line num="379" count="1" type="stmt"/>
        <line num="391" count="6" type="cond" truecount="2" falsecount="0"/>
        <line num="398" count="158" type="stmt"/>
        <line num="412" count="3" type="cond" truecount="2" falsecount="0"/>
        <line num="422" count="1" type="stmt"/>
        <line num="442" count="2" type="cond" truecount="2" falsecount="0"/>
      </file>
      <file name="Dashboard.tsx" path="/workspaces/GeekVault/src/web/src/pages/Dashboard.tsx">
        <metrics statements="28" coveredstatements="28" conditionals="26" coveredconditionals="26" methods="12" coveredmethods="12"/>
        <line num="59" count="1" type="stmt"/>
        <line num="69" count="15" type="stmt"/>
        <line num="70" count="15" type="stmt"/>
        <line num="71" count="15" type="stmt"/>
        <line num="72" count="15" type="stmt"/>
        <line num="73" count="15" type="stmt"/>
        <line num="74" count="15" type="stmt"/>
        <line num="76" count="15" type="stmt"/>
        <line num="77" count="15" type="stmt"/>
        <line num="78" count="15" type="stmt"/>
        <line num="80" count="7" type="cond" truecount="2" falsecount="0"/>
        <line num="81" count="6" type="stmt"/>
        <line num="83" count="6" type="stmt"/>
        <line num="84" count="1" type="stmt"/>
        <line num="85" count="7" type="stmt"/>
        <line num="88" count="15" type="cond" truecount="2" falsecount="0"/>
        <line num="89" count="8" type="stmt"/>
        <line num="96" count="7" type="cond" truecount="2" falsecount="0"/>
        <line num="97" count="1" type="stmt"/>
        <line num="102" count="6" type="cond" truecount="2" falsecount="0"/>
        <line num="104" count="5" type="stmt"/>
        <line num="132" count="5" type="stmt"/>
        <line num="142" count="25" type="stmt"/>
        <line num="171" count="1" type="stmt"/>
        <line num="174" count="8" type="stmt"/>
        <line num="209" count="4" type="stmt"/>
        <line num="212" count="1" type="stmt"/>
        <line num="254" count="8" type="stmt"/>
      </file>
      <file name="Home.tsx" path="/workspaces/GeekVault/src/web/src/pages/Home.tsx">
        <metrics statements="1" coveredstatements="1" conditionals="0" coveredconditionals="0" methods="1" coveredmethods="1"/>
        <line num="2" count="1" type="stmt"/>
      </file>
      <file name="Login.tsx" path="/workspaces/GeekVault/src/web/src/pages/Login.tsx">
        <metrics statements="25" coveredstatements="25" conditionals="10" coveredconditionals="10" methods="4" coveredmethods="4"/>
        <line num="10" count="22" type="stmt"/>
        <line num="11" count="22" type="stmt"/>
        <line num="12" count="22" type="stmt"/>
        <line num="14" count="22" type="stmt"/>
        <line num="15" count="22" type="stmt"/>
        <line num="16" count="22" type="stmt"/>
        <line num="17" count="22" type="stmt"/>
        <line num="19" count="22" type="stmt"/>
        <line num="20" count="5" type="stmt"/>
        <line num="21" count="5" type="stmt"/>
        <line num="23" count="5" type="cond" truecount="2" falsecount="0"/>
        <line num="24" count="1" type="stmt"/>
        <line num="25" count="1" type="stmt"/>
        <line num="27" count="4" type="cond" truecount="2" falsecount="0"/>
        <line num="28" count="1" type="stmt"/>
        <line num="29" count="1" type="stmt"/>
        <line num="32" count="3" type="stmt"/>
        <line num="33" count="3" type="stmt"/>
        <line num="34" count="3" type="stmt"/>
        <line num="35" count="1" type="stmt"/>
        <line num="37" count="2" type="cond" truecount="2" falsecount="0"/>
        <line num="39" count="3" type="stmt"/>
        <line num="43" count="22" type="stmt"/>
        <line num="68" count="4" type="stmt"/>
        <line num="81" count="3" type="stmt"/>
      </file>
      <file name="Profile.tsx" path="/workspaces/GeekVault/src/web/src/pages/Profile.tsx">
        <metrics statements="67" coveredstatements="67" conditionals="38" coveredconditionals="38" methods="15" coveredmethods="14"/>
        <line num="20" count="43" type="stmt"/>
        <line num="21" count="43" type="stmt"/>
        <line num="23" count="43" type="stmt"/>
        <line num="24" count="43" type="stmt"/>
        <line num="25" count="43" type="stmt"/>
        <line num="26" count="43" type="stmt"/>
        <line num="28" count="43" type="stmt"/>
        <line num="29" count="43" type="stmt"/>
        <line num="30" count="43" type="stmt"/>
        <line num="31" count="43" type="stmt"/>
        <line num="32" count="43" type="stmt"/>
        <line num="34" count="43" type="stmt"/>
        <line num="35" count="43" type="stmt"/>
        <line num="36" count="43" type="stmt"/>
        <line num="38" count="43" type="stmt"/>
        <line num="43" count="43" type="stmt"/>
        <line num="44" count="15" type="stmt"/>
        <line num="46" count="14" type="cond" truecount="2" falsecount="0"/>
        <line num="47" count="13" type="stmt"/>
        <line num="50" count="13" type="stmt"/>
        <line num="51" count="13" type="cond" truecount="2" falsecount="0"/>
        <line num="52" count="13" type="cond" truecount="2" falsecount="0"/>
        <line num="53" count="13" type="cond" truecount="2" falsecount="0"/>
        <line num="54" count="13" type="cond" truecount="2" falsecount="0"/>
        <line num="55" count="13" type="cond" truecount="2" falsecount="0"/>
        <line num="57" count="1" type="stmt"/>
        <line num="58" count="14" type="stmt"/>
        <line num="62" count="3" type="stmt"/>
        <line num="63" count="3" type="stmt"/>
        <line num="64" count="3" type="stmt"/>
        <line num="65" count="3" type="stmt"/>
        <line num="67" count="3" type="stmt"/>
        <line num="68" count="3" type="stmt"/>
        <line num="79" count="3" type="cond" truecount="2" falsecount="0"/>
        <line num="81" count="2" type="stmt"/>
        <line num="82" count="2" type="stmt"/>
        <line num="85" count="2" type="cond" truecount="4" falsecount="0"/>
        <line num="86" count="1" type="stmt"/>
        <line num="89" count="2" type="stmt"/>
        <line num="90" count="2" type="stmt"/>
        <line num="92" count="1" type="stmt"/>
        <line num="94" count="3" type="stmt"/>
        <line num="99" count="3" type="stmt"/>
        <line num="100" count="3" type="cond" truecount="2" falsecount="0"/>
        <line num="103" count="2" type="stmt"/>
        <line num="104" count="2" type="stmt"/>
        <line num="105" count="2" type="stmt"/>
        <line num="107" count="2" type="stmt"/>
        <line num="108" count="2" type="stmt"/>
        <line num="110" count="2" type="stmt"/>
        <line num="111" count="2" type="stmt"/>
        <line num="112" count="2" type="stmt"/>
        <line num="114" count="2" type="stmt"/>
        <line num="120" count="2" type="cond" truecount="2" falsecount="0"/>
        <line num="122" count="1" type="stmt"/>
        <line num="123" count="1" type="stmt"/>
        <line num="125" count="1" type="stmt"/>
        <line num="126" count="1" type="cond" truecount="2" falsecount="0"/>
        <line num="128" count="2" type="stmt"/>
        <line num="132" count="43" type="cond" truecount="2" falsecount="0"/>
        <line num="133" count="15" type="stmt"/>
        <line num="141" count="28" type="stmt"/>
        <line num="186" count="1" type="stmt"/>
        <line num="213" count="1" type="stmt"/>
        <line num="224" count="1" type="stmt"/>
        <line num="237" count="1" type="stmt"/>
        <line num="251" count="1" type="stmt"/>
      </file>
      <file name="Register.tsx" path="/workspaces/GeekVault/src/web/src/pages/Register.tsx">
        <metrics statements="33" coveredstatements="33" conditionals="14" coveredconditionals="14" methods="5" coveredmethods="5"/>
        <line num="10" count="34" type="stmt"/>
        <line num="11" count="34" type="stmt"/>
        <line num="12" count="34" type="stmt"/>
        <line num="14" count="34" type="stmt"/>
        <line num="15" count="34" type="stmt"/>
        <line num="16" count="34" type="stmt"/>
        <line num="17" count="34" type="stmt"/>
        <line num="18" count="34" type="stmt"/>
        <line num="20" count="34" type="stmt"/>
        <line num="21" count="7" type="stmt"/>
        <line num="22" count="7" type="stmt"/>
        <line num="24" count="7" type="cond" truecount="2" falsecount="0"/>
        <line num="25" count="1" type="stmt"/>
        <line num="26" count="1" type="stmt"/>
        <line num="28" count="6" type="cond" truecount="2" falsecount="0"/>
        <line num="29" count="1" type="stmt"/>
        <line num="30" count="1" type="stmt"/>
        <line num="32" count="5" type="cond" truecount="2" falsecount="0"/>
        <line num="33" count="1" type="stmt"/>
        <line num="34" count="1" type="stmt"/>
        <line num="36" count="4" type="cond" truecount="2" falsecount="0"/>
        <line num="37" count="1" type="stmt"/>
        <line num="38" count="1" type="stmt"/>
        <line num="41" count="3" type="stmt"/>
        <line num="42" count="3" type="stmt"/>
        <line num="43" count="3" type="stmt"/>
        <line num="44" count="1" type="stmt"/>
        <line num="46" count="2" type="cond" truecount="2" falsecount="0"/>
        <line num="48" count="3" type="stmt"/>
        <line num="52" count="34" type="stmt"/>
        <line num="77" count="6" type="stmt"/>
        <line num="90" count="5" type="stmt"/>
        <line num="103" count="4" type="stmt"/>
      </file>
      <file name="Wishlist.tsx" path="/workspaces/GeekVault/src/web/src/pages/Wishlist.tsx">
        <metrics statements="132" coveredstatements="130" conditionals="84" coveredconditionals="77" methods="29" coveredmethods="29"/>
        <line num="43" count="168" type="stmt"/>
        <line num="44" count="168" type="stmt"/>
        <line num="46" count="168" type="stmt"/>
        <line num="47" count="168" type="stmt"/>
        <line num="48" count="168" type="stmt"/>
        <line num="51" count="168" type="stmt"/>
        <line num="52" count="168" type="stmt"/>
        <line num="53" count="168" type="stmt"/>
        <line num="54" count="168" type="stmt"/>
        <line num="55" count="168" type="stmt"/>
        <line num="56" count="168" type="stmt"/>
        <line num="57" count="168" type="stmt"/>
        <line num="58" count="168" type="stmt"/>
        <line num="59" count="168" type="stmt"/>
        <line num="60" count="168" type="stmt"/>
        <line num="63" count="168" type="stmt"/>
        <line num="64" count="168" type="stmt"/>
        <line num="67" count="168" type="stmt"/>
        <line num="68" count="168" type="stmt"/>
        <line num="71" count="168" type="stmt"/>
        <line num="73" count="168" type="stmt"/>
        <line num="79" count="33" type="stmt"/>
        <line num="80" count="33" type="stmt"/>
        <line num="81" count="32" type="cond" truecount="2" falsecount="0"/>
        <line num="82" count="31" type="stmt"/>
        <line num="83" count="31" type="stmt"/>
        <line num="85" count="31" type="stmt"/>
        <line num="86" count="31" type="stmt"/>
        <line num="87" count="60" type="stmt"/>
        <line num="88" count="60" type="cond" truecount="1" falsecount="1"/>
        <line num="89" count="60" type="stmt"/>
        <line num="90" count="60" type="cond" truecount="2" falsecount="0"/>
        <line num="91" count="28" type="stmt"/>
        <line num="94" count="31" type="stmt"/>
        <line num="96" count="1" type="stmt"/>
        <line num="98" count="32" type="stmt"/>
        <line num="102" count="168" type="stmt"/>
        <line num="103" count="30" type="stmt"/>
        <line num="107" count="14" type="stmt"/>
        <line num="108" count="14" type="cond" truecount="1" falsecount="1"/>
        <line num="109" count="14" type="stmt"/>
        <line num="110" count="14" type="stmt"/>
        <line num="111" count="14" type="stmt"/>
        <line num="112" count="14" type="stmt"/>
        <line num="113" count="14" type="stmt"/>
        <line num="114" count="14" type="stmt"/>
        <line num="115" count="14" type="stmt"/>
        <line num="116" count="14" type="stmt"/>
        <line num="117" count="14" type="stmt"/>
        <line num="121" count="3" type="stmt"/>
        <line num="122" count="3" type="stmt"/>
        <line num="123" count="3" type="stmt"/>
        <line num="124" count="3" type="stmt"/>
        <line num="125" count="3" type="cond" truecount="2" falsecount="0"/>
        <line num="126" count="3" type="cond" truecount="2" falsecount="0"/>
        <line num="127" count="3" type="stmt"/>
        <line num="128" count="3" type="stmt"/>
        <line num="129" count="3" type="stmt"/>
        <line num="130" count="3" type="stmt"/>
        <line num="131" count="3" type="stmt"/>
        <line num="135" count="2" type="cond" truecount="1" falsecount="1"/>
        <line num="136" count="0" type="stmt"/>
        <line num="137" count="0" type="stmt"/>
        <line num="139" count="2" type="stmt"/>
        <line num="140" count="2" type="stmt"/>
        <line num="144" count="2" type="cond" truecount="1" falsecount="1"/>
        <line num="145" count="2" type="stmt"/>
        <line num="146" count="2" type="cond" truecount="1" falsecount="1"/>
        <line num="152" count="168" type="stmt"/>
        <line num="153" count="57" type="stmt"/>
        <line num="154" count="57" type="cond" truecount="4" falsecount="0"/>
        <line num="155" count="53" type="stmt"/>
        <line num="156" count="53" type="stmt"/>
        <line num="158" count="4" type="stmt"/>
        <line num="159" count="2" type="stmt"/>
        <line num="161" count="4" type="stmt"/>
        <line num="165" count="5" type="stmt"/>
        <line num="166" count="5" type="stmt"/>
        <line num="168" count="5" type="cond" truecount="2" falsecount="0"/>
        <line num="169" count="1" type="stmt"/>
        <line num="170" count="1" type="stmt"/>
        <line num="173" count="4" type="cond" truecount="2" falsecount="0"/>
        <line num="174" count="1" type="stmt"/>
        <line num="175" count="1" type="stmt"/>
        <line num="178" count="3" type="stmt"/>
        <line num="179" count="3" type="stmt"/>
        <line num="180" count="3" type="cond" truecount="2" falsecount="0"/>
        <line num="182" count="5" type="stmt"/>
        <line num="190" count="5" type="cond" truecount="2" falsecount="0"/>
        <line num="193" count="5" type="cond" truecount="2" falsecount="0"/>
        <line num="195" count="5" type="stmt"/>
        <line num="201" count="3" type="cond" truecount="2" falsecount="0"/>
        <line num="202" count="1" type="stmt"/>
        <line num="205" count="2" type="stmt"/>
        <line num="206" count="2" type="stmt"/>
        <line num="207" count="2" type="stmt"/>
        <line num="209" count="1" type="stmt"/>
        <line num="213" count="3" type="stmt"/>
        <line num="218" count="2" type="cond" truecount="1" falsecount="1"/>
        <line num="219" count="2" type="stmt"/>
        <line num="220" count="2" type="stmt"/>
        <line num="221" count="2" type="stmt"/>
        <line num="225" count="2" type="cond" truecount="2" falsecount="0"/>
        <line num="226" count="1" type="stmt"/>
        <line num="227" count="1" type="stmt"/>
        <line num="228" count="1" type="stmt"/>
        <line num="230" count="1" type="stmt"/>
        <line num="232" count="2" type="stmt"/>
        <line num="236" count="168" type="cond" truecount="2" falsecount="0"/>
        <line num="237" count="60" type="stmt"/>
        <line num="244" count="108" type="stmt"/>
        <line num="246" count="108" type="stmt"/>
        <line num="277" count="104" type="stmt"/>
        <line num="283" count="208" type="stmt"/>
        <line num="311" count="3" type="stmt"/>
        <line num="320" count="5" type="stmt"/>
        <line num="362" count="4" type="cond" truecount="2" falsecount="0"/>
        <line num="369" count="196" type="stmt"/>
        <line num="382" count="3" type="stmt"/>
        <line num="396" count="2" type="cond" truecount="2" falsecount="0"/>
        <line num="408" count="1" type="stmt"/>
        <line num="420" count="1" type="stmt"/>
        <line num="438" count="1" type="stmt"/>
        <line num="447" count="6" type="stmt"/>
        <line num="454" count="3" type="stmt"/>
        <line num="459" count="1" type="stmt"/>
        <line num="460" count="1" type="cond" truecount="2" falsecount="0"/>
        <line num="461" count="1" type="stmt"/>
        <line num="462" count="1" type="stmt"/>
        <line num="483" count="1" type="stmt"/>
        <line num="503" count="1" type="cond" truecount="2" falsecount="0"/>
        <line num="515" count="1" type="stmt"/>
      </file>
    </package>
  </project>
</coverage>
